2026-03-25 20:05:27,795 [INFO] Activator:176 - 


2026-03-25 20:05:27,798 [INFO] Activator:177 - !SESSION log4j initialized
2026-03-25 20:05:31,245 [INFO] LogOutputStream:77 - [STDOUT_REDIRECT] 
2026-03-25 20:05:33,969 [INFO] ApplicationProperties:184 - Using Application install path: C:\ST\STM32CubeIDE_1.18.1\STM32CubeIDE\plugins\com.st.stm32cube.common.mx_6.14.1.202504091515
2026-03-25 20:05:33,996 [INFO] DbMcusXml:78 - Set database path to: C:\ST\STM32CubeIDE_1.18.1\STM32CubeIDE\plugins\com.st.stm32cube.common.mx_6.14.1.202504091515\\db\/mcu/
2026-03-25 20:05:33,996 [INFO] ApiDb:274 - Set plugin database path to: C:\ST\STM32CubeIDE_1.18.1\STM32CubeIDE\plugins\com.st.stm32cube.common.mx_6.14.1.202504091515\\db\/plugins/boardmanager/
2026-03-25 20:05:34,029 [WARN] ApiDb:259 - Overriding images path with different value:  => C:\ST\STM32CubeIDE_1.18.1\STM32CubeIDE\plugins\com.st.stm32cube.common.mx_6.14.1.202504091515\\db\/plugins/mcufinder/images/
2026-03-25 20:05:34,036 [INFO] ApiDb:250 - Set database path to: C:\Users\MinnuDiary\.stmcufinder\plugins\mcufinder//mcu/
2026-03-25 20:05:34,037 [INFO] DbMcusAds:125 - Set database path to: C:\Users\MinnuDiary\.stmcufinder\plugins\mcufinder//mcu/
2026-03-25 20:05:34,041 [INFO] CrossReferenceDbSqlite:203 - Set database path to: C:\Users\MinnuDiary\.stmcufinder\plugins\mcufinder//mcu/cs/
2026-03-25 20:05:34,186 [INFO] RulesReader:64 - Compatibility file has been processed (302 Rules)
2026-03-25 20:05:34,346 [INFO] DbMcusXml:78 - Set database path to: C:\ST\STM32CubeIDE_1.18.1\STM32CubeIDE\plugins\com.st.stm32cube.common.mx_6.14.1.202504091515\\db\/mcu/
2026-03-25 20:05:34,346 [INFO] ApiDb:274 - Set plugin database path to: C:\ST\STM32CubeIDE_1.18.1\STM32CubeIDE\plugins\com.st.stm32cube.common.mx_6.14.1.202504091515\\db\/plugins/boardmanager/
2026-03-25 20:05:34,346 [INFO] ApiDb:261 - Set plugin images path to: C:\ST\STM32CubeIDE_1.18.1\STM32CubeIDE\plugins\com.st.stm32cube.common.mx_6.14.1.202504091515\\db\/plugins/mcufinder/images/
2026-03-25 20:05:34,346 [WARN] DbFile:41 - Overriding database path with different value: C:\Users\MinnuDiary\.stmcufinder\plugins\mcufinder/ => C:\Users\MinnuDiary\.stmcufinder\plugins\mcufinder
2026-03-25 20:05:34,346 [INFO] ApiDb:250 - Set database path to: C:\Users\MinnuDiary\.stmcufinder\plugins\mcufinder//mcu/
2026-03-25 20:05:34,347 [WARN] DbFile:41 - Overriding database path with different value: C:\Users\MinnuDiary\.stmcufinder\plugins\mcufinder/ => C:\Users\MinnuDiary\.stmcufinder\plugins\mcufinder
2026-03-25 20:05:34,347 [INFO] DbMcusAds:125 - Set database path to: C:\Users\MinnuDiary\.stmcufinder\plugins\mcufinder//mcu/
2026-03-25 20:05:34,347 [WARN] DbFile:41 - Overriding database path with different value: C:\Users\MinnuDiary\.stmcufinder\plugins\mcufinder/ => C:\Users\MinnuDiary\.stmcufinder\plugins\mcufinder
2026-03-25 20:05:34,347 [WARN] DbFile:41 - Overriding database path with different value: C:\Users\MinnuDiary\.stmcufinder\plugins\mcufinder/ => C:\Users\MinnuDiary\.stmcufinder\plugins\mcufinder
2026-03-25 20:05:34,347 [INFO] CrossReferenceDbSqlite:203 - Set database path to: C:\Users\MinnuDiary\.stmcufinder\plugins\mcufinder//mcu/cs/
2026-03-25 20:05:34,456 [INFO] MainPanel:272 - HeapMemory: 268435456
2026-03-25 20:05:34,567 [INFO] DbMcusXml:78 - Set database path to: C:\ST\STM32CubeIDE_1.18.1\STM32CubeIDE\plugins\com.st.stm32cube.common.mx_6.14.1.202504091515\\db\/mcu/
2026-03-25 20:05:34,567 [INFO] ApiDb:274 - Set plugin database path to: C:\ST\STM32CubeIDE_1.18.1\STM32CubeIDE\plugins\com.st.stm32cube.common.mx_6.14.1.202504091515\\db\/plugins/boardmanager/
2026-03-25 20:05:34,567 [INFO] ApiDb:261 - Set plugin images path to: C:\ST\STM32CubeIDE_1.18.1\STM32CubeIDE\plugins\com.st.stm32cube.common.mx_6.14.1.202504091515\\db\/plugins/mcufinder/images/
2026-03-25 20:05:34,568 [WARN] DbFile:41 - Overriding database path with different value: C:\Users\MinnuDiary\.stmcufinder\plugins\mcufinder/ => C:\Users\MinnuDiary\.stmcufinder\plugins\mcufinder
2026-03-25 20:05:34,568 [INFO] ApiDb:250 - Set database path to: C:\Users\MinnuDiary\.stmcufinder\plugins\mcufinder//mcu/
2026-03-25 20:05:34,569 [WARN] DbFile:41 - Overriding database path with different value: C:\Users\MinnuDiary\.stmcufinder\plugins\mcufinder/ => C:\Users\MinnuDiary\.stmcufinder\plugins\mcufinder
2026-03-25 20:05:34,569 [INFO] DbMcusAds:125 - Set database path to: C:\Users\MinnuDiary\.stmcufinder\plugins\mcufinder//mcu/
2026-03-25 20:05:34,569 [WARN] DbFile:41 - Overriding database path with different value: C:\Users\MinnuDiary\.stmcufinder\plugins\mcufinder/ => C:\Users\MinnuDiary\.stmcufinder\plugins\mcufinder
2026-03-25 20:05:34,569 [WARN] DbFile:41 - Overriding database path with different value: C:\Users\MinnuDiary\.stmcufinder\plugins\mcufinder/ => C:\Users\MinnuDiary\.stmcufinder\plugins\mcufinder
2026-03-25 20:05:34,569 [INFO] CrossReferenceDbSqlite:203 - Set database path to: C:\Users\MinnuDiary\.stmcufinder\plugins\mcufinder//mcu/cs/
2026-03-25 20:05:34,630 [INFO] ApplicationProperties:184 - Using Application install path: C:\ST\STM32CubeIDE_1.18.1\STM32CubeIDE\plugins\com.st.stm32cube.common.mx_6.14.1.202504091515
2026-03-25 20:05:34,632 [INFO] PluginManage:196 - Search for loadable plugins [exclusion list=, ]
2026-03-25 20:05:34,633 [INFO] PluginManage:310 - Check plugin analytics
2026-03-25 20:05:35,005 [INFO] AnalyticsPlugin:253 - Accepted Software Licenses: 
2026-03-25 20:05:35,006 [INFO] AnalyticsPlugin:255 - Accepted CMSIS Pack Licenses: 
2026-03-25 20:05:35,006 [INFO] AnalyticsPlugin:257 - Accepted Firmware Licenses: FW.F4.1.28.0
2026-03-25 20:05:35,034 [INFO] PluginManage:359 - Loaded plugin analytics (category:tool,tabindex:-1)
2026-03-25 20:05:35,035 [INFO] PluginManage:310 - Check plugin cadmodel
2026-03-25 20:05:35,043 [INFO] CADModel:105 - Init CAD model plugin
2026-03-25 20:05:35,044 [INFO] PluginManage:359 - Loaded plugin cadmodel (category:power,tabindex:5)
2026-03-25 20:05:35,044 [INFO] PluginManage:310 - Check plugin clock
2026-03-25 20:05:35,063 [INFO] PluginManage:359 - Loaded plugin clock (category:base,tabindex:2)
2026-03-25 20:05:35,063 [INFO] PluginManage:310 - Check plugin ddr
2026-03-25 20:05:35,066 [INFO] PluginManage:359 - Loaded plugin ddr (category:tool,tabindex:6)
2026-03-25 20:05:35,066 [INFO] PluginManage:310 - Check plugin filemanager
2026-03-25 20:05:35,301 [INFO] PluginManage:359 - Loaded plugin filemanager (category:base,tabindex:10)
2026-03-25 20:05:35,301 [INFO] PluginManage:310 - Check plugin ipmanager
2026-03-25 20:05:35,311 [INFO] PluginManage:359 - Loaded plugin ipmanager (category:base,tabindex:5)
2026-03-25 20:05:35,311 [INFO] PluginManage:310 - Check plugin lpbam
2026-03-25 20:05:35,329 [INFO] PluginManage:359 - Loaded plugin lpbam (category:base,tabindex:0)
2026-03-25 20:05:35,329 [INFO] PluginManage:310 - Check plugin memorymap
2026-03-25 20:05:35,343 [INFO] PluginManage:359 - Loaded plugin memorymap (category:base,tabindex:4)
2026-03-25 20:05:35,343 [INFO] PluginManage:310 - Check plugin pinoutandconfiguration
2026-03-25 20:05:35,352 [INFO] PluginManage:359 - Loaded plugin pinoutandconfiguration (category:base,tabindex:1)
2026-03-25 20:05:35,352 [INFO] PluginManage:310 - Check plugin pinoutconfig
2026-03-25 20:05:35,475 [WARN] SupportedApi:132 - Cannot load RTOS API schema: s4s-elt-must-match.1: The content of 'definitions' must match (annotation?, (simpleType | complexType)?, (unique | key | keyref)*)). A problem was found starting at: attribute.
2026-03-25 20:05:35,685 [INFO] PluginManage:359 - Loaded plugin pinoutconfig (category:base,tabindex:0)
2026-03-25 20:05:35,686 [INFO] PluginManage:310 - Check plugin power
2026-03-25 20:05:35,695 [INFO] PluginManage:359 - Loaded plugin power (category:power,tabindex:4)
2026-03-25 20:05:35,695 [INFO] PluginManage:310 - Check plugin projectmanager
2026-03-25 20:05:35,716 [INFO] PluginManage:359 - Loaded plugin projectmanager (category:projectmanager,tabindex:4)
2026-03-25 20:05:35,718 [INFO] PluginManage:310 - Check plugin rif
2026-03-25 20:05:35,725 [INFO] PluginManage:359 - Loaded plugin rif (category:base,tabindex:3)
2026-03-25 20:05:35,726 [INFO] PluginManage:310 - Check plugin thirdparty
2026-03-25 20:05:35,894 [WARN] IntegrityCheckThread:84 - waiting for thirdparty lock release [integrity check]
2026-03-25 20:05:35,895 [INFO] IntegrityCheckThread:86 - entering critical section [integrity check]
2026-03-25 20:05:35,895 [INFO] PluginManage:359 - Loaded plugin thirdparty (category:base,tabindex:-1)
2026-03-25 20:05:35,895 [INFO] PluginManage:310 - Check plugin tools
2026-03-25 20:05:35,895 [INFO] ThirdPartyUpdaterWithRetryManager:70 - Updater plugin not ready yet. [1/15]
2026-03-25 20:05:35,902 [INFO] PluginManage:359 - Loaded plugin tools (category:base,tabindex:7)
2026-03-25 20:05:35,902 [INFO] PluginManage:310 - Check plugin tutovideos
2026-03-25 20:05:36,311 [INFO] PluginManage:359 - Loaded plugin tutovideos (category:base,tabindex:-1)
2026-03-25 20:05:36,311 [INFO] PluginManage:310 - Check plugin updater
2026-03-25 20:05:36,348 [INFO] PluginManage:359 - Loaded plugin updater (category:base,tabindex:12)
2026-03-25 20:05:36,349 [INFO] PluginManage:310 - Check plugin userauth
2026-03-25 20:05:36,360 [INFO] UserAuth:118 - Init User Auth plugin
2026-03-25 20:05:36,364 [INFO] PluginManage:359 - Loaded plugin userauth (category:base,tabindex:14)
2026-03-25 20:05:36,367 [INFO] PluginManage:283 - PluginManage : Loaded plugins [18]
2026-03-25 20:05:36,899 [INFO] PinOutPanel:1589 - setPackage(No Configuration,No Configuration)
2026-03-25 20:05:37,078 [INFO] CADModel:165 - CPN selected for project level
2026-03-25 20:05:37,079 [INFO] CADModel:114 - Register for checkConnection events
2026-03-25 20:05:37,110 [INFO] IPUIPlugin:80 - create IPUIPlugin
2026-03-25 20:05:37,111 [INFO] PluginManager:220 - loadIPPluginJar : add adc
2026-03-25 20:05:37,114 [INFO] IPUIPlugin:80 - create IPUIPlugin
2026-03-25 20:05:37,114 [INFO] PluginManager:220 - loadIPPluginJar : add aes
2026-03-25 20:05:37,117 [INFO] IPUIPlugin:80 - create IPUIPlugin
2026-03-25 20:05:37,118 [INFO] PluginManager:220 - loadIPPluginJar : add can
2026-03-25 20:05:37,119 [INFO] IPUIPlugin:80 - create IPUIPlugin
2026-03-25 20:05:37,119 [INFO] PluginManager:220 - loadIPPluginJar : add comp
2026-03-25 20:05:37,121 [INFO] IPUIPlugin:80 - create IPUIPlugin
2026-03-25 20:05:37,121 [INFO] PluginManager:220 - loadIPPluginJar : add cryp
2026-03-25 20:05:37,124 [INFO] IPUIPlugin:80 - create IPUIPlugin
2026-03-25 20:05:37,124 [INFO] PluginManager:220 - loadIPPluginJar : add ddr_ctrl_phy
2026-03-25 20:05:37,128 [INFO] IPUIPlugin:80 - create IPUIPlugin
2026-03-25 20:05:37,128 [INFO] PluginManager:220 - loadIPPluginJar : add dfsdm
2026-03-25 20:05:37,134 [INFO] IPUIPlugin:80 - create IPUIPlugin
2026-03-25 20:05:37,135 [INFO] PluginManager:220 - loadIPPluginJar : add dma
2026-03-25 20:05:37,142 [INFO] IPUIPlugin:80 - create IPUIPlugin
2026-03-25 20:05:37,142 [INFO] PluginManager:220 - loadIPPluginJar : add dma3
2026-03-25 20:05:37,148 [INFO] IPUIPlugin:80 - create IPUIPlugin
2026-03-25 20:05:37,149 [INFO] PluginManager:220 - loadIPPluginJar : add extmemmanager
2026-03-25 20:05:37,152 [INFO] IPUIPlugin:80 - create IPUIPlugin
2026-03-25 20:05:37,152 [INFO] PluginManager:220 - loadIPPluginJar : add fatfs
