2026-03-03 21:12:38,723 [INFO] Activator:176 - 


2026-03-03 21:12:38,727 [INFO] Activator:177 - !SESSION log4j initialized
2026-03-03 21:12:43,791 [INFO] LogOutputStream:77 - [STDOUT_REDIRECT] 
2026-03-03 21:12:45,010 [INFO] ApplicationProperties:184 - Using Application install path: C:\ST\STM32CubeIDE_1.18.1\STM32CubeIDE\plugins\com.st.stm32cube.common.mx_6.14.1.202504091515
2026-03-03 21:12:45,042 [INFO] DbMcusXml:78 - Set database path to: C:\ST\STM32CubeIDE_1.18.1\STM32CubeIDE\plugins\com.st.stm32cube.common.mx_6.14.1.202504091515\\db\/mcu/
2026-03-03 21:12:45,042 [INFO] ApiDb:274 - Set plugin database path to: C:\ST\STM32CubeIDE_1.18.1\STM32CubeIDE\plugins\com.st.stm32cube.common.mx_6.14.1.202504091515\\db\/plugins/boardmanager/
2026-03-03 21:12:45,042 [WARN] ApiDb:259 - Overriding images path with different value:  => C:\ST\STM32CubeIDE_1.18.1\STM32CubeIDE\plugins\com.st.stm32cube.common.mx_6.14.1.202504091515\\db\/plugins/mcufinder/images/
2026-03-03 21:12:45,055 [INFO] ApiDb:250 - Set database path to: C:\Users\MinnuDiary\.stmcufinder\plugins\mcufinder//mcu/
2026-03-03 21:12:45,056 [INFO] DbMcusAds:125 - Set database path to: C:\Users\MinnuDiary\.stmcufinder\plugins\mcufinder//mcu/
2026-03-03 21:12:45,059 [INFO] CrossReferenceDbSqlite:203 - Set database path to: C:\Users\MinnuDiary\.stmcufinder\plugins\mcufinder//mcu/cs/
2026-03-03 21:12:45,146 [INFO] RulesReader:64 - Compatibility file has been processed (302 Rules)
2026-03-03 21:12:45,229 [INFO] DbMcusXml:78 - Set database path to: C:\ST\STM32CubeIDE_1.18.1\STM32CubeIDE\plugins\com.st.stm32cube.common.mx_6.14.1.202504091515\\db\/mcu/
2026-03-03 21:12:45,229 [INFO] ApiDb:274 - Set plugin database path to: C:\ST\STM32CubeIDE_1.18.1\STM32CubeIDE\plugins\com.st.stm32cube.common.mx_6.14.1.202504091515\\db\/plugins/boardmanager/
2026-03-03 21:12:45,229 [INFO] ApiDb:261 - Set plugin images path to: C:\ST\STM32CubeIDE_1.18.1\STM32CubeIDE\plugins\com.st.stm32cube.common.mx_6.14.1.202504091515\\db\/plugins/mcufinder/images/
2026-03-03 21:12:45,229 [WARN] DbFile:41 - Overriding database path with different value: C:\Users\MinnuDiary\.stmcufinder\plugins\mcufinder/ => C:\Users\MinnuDiary\.stmcufinder\plugins\mcufinder
2026-03-03 21:12:45,229 [INFO] ApiDb:250 - Set database path to: C:\Users\MinnuDiary\.stmcufinder\plugins\mcufinder//mcu/
2026-03-03 21:12:45,229 [WARN] DbFile:41 - Overriding database path with different value: C:\Users\MinnuDiary\.stmcufinder\plugins\mcufinder/ => C:\Users\MinnuDiary\.stmcufinder\plugins\mcufinder
2026-03-03 21:12:45,229 [INFO] DbMcusAds:125 - Set database path to: C:\Users\MinnuDiary\.stmcufinder\plugins\mcufinder//mcu/
2026-03-03 21:12:45,229 [WARN] DbFile:41 - Overriding database path with different value: C:\Users\MinnuDiary\.stmcufinder\plugins\mcufinder/ => C:\Users\MinnuDiary\.stmcufinder\plugins\mcufinder
2026-03-03 21:12:45,230 [WARN] DbFile:41 - Overriding database path with different value: C:\Users\MinnuDiary\.stmcufinder\plugins\mcufinder/ => C:\Users\MinnuDiary\.stmcufinder\plugins\mcufinder
2026-03-03 21:12:45,230 [INFO] CrossReferenceDbSqlite:203 - Set database path to: C:\Users\MinnuDiary\.stmcufinder\plugins\mcufinder//mcu/cs/
2026-03-03 21:12:45,301 [INFO] MainPanel:272 - HeapMemory: 268435456
2026-03-03 21:12:45,412 [INFO] DbMcusXml:78 - Set database path to: C:\ST\STM32CubeIDE_1.18.1\STM32CubeIDE\plugins\com.st.stm32cube.common.mx_6.14.1.202504091515\\db\/mcu/
2026-03-03 21:12:45,412 [INFO] ApiDb:274 - Set plugin database path to: C:\ST\STM32CubeIDE_1.18.1\STM32CubeIDE\plugins\com.st.stm32cube.common.mx_6.14.1.202504091515\\db\/plugins/boardmanager/
2026-03-03 21:12:45,412 [INFO] ApiDb:261 - Set plugin images path to: C:\ST\STM32CubeIDE_1.18.1\STM32CubeIDE\plugins\com.st.stm32cube.common.mx_6.14.1.202504091515\\db\/plugins/mcufinder/images/
2026-03-03 21:12:45,412 [WARN] DbFile:41 - Overriding database path with different value: C:\Users\MinnuDiary\.stmcufinder\plugins\mcufinder/ => C:\Users\MinnuDiary\.stmcufinder\plugins\mcufinder
2026-03-03 21:12:45,413 [INFO] ApiDb:250 - Set database path to: C:\Users\MinnuDiary\.stmcufinder\plugins\mcufinder//mcu/
2026-03-03 21:12:45,413 [WARN] DbFile:41 - Overriding database path with different value: C:\Users\MinnuDiary\.stmcufinder\plugins\mcufinder/ => C:\Users\MinnuDiary\.stmcufinder\plugins\mcufinder
2026-03-03 21:12:45,413 [INFO] DbMcusAds:125 - Set database path to: C:\Users\MinnuDiary\.stmcufinder\plugins\mcufinder//mcu/
2026-03-03 21:12:45,413 [WARN] DbFile:41 - Overriding database path with different value: C:\Users\MinnuDiary\.stmcufinder\plugins\mcufinder/ => C:\Users\MinnuDiary\.stmcufinder\plugins\mcufinder
2026-03-03 21:12:45,413 [WARN] DbFile:41 - Overriding database path with different value: C:\Users\MinnuDiary\.stmcufinder\plugins\mcufinder/ => C:\Users\MinnuDiary\.stmcufinder\plugins\mcufinder
2026-03-03 21:12:45,413 [INFO] CrossReferenceDbSqlite:203 - Set database path to: C:\Users\MinnuDiary\.stmcufinder\plugins\mcufinder//mcu/cs/
2026-03-03 21:12:45,432 [INFO] ApplicationProperties:184 - Using Application install path: C:\ST\STM32CubeIDE_1.18.1\STM32CubeIDE\plugins\com.st.stm32cube.common.mx_6.14.1.202504091515
2026-03-03 21:12:45,433 [INFO] PluginManage:196 - Search for loadable plugins [exclusion list=, ]
2026-03-03 21:12:45,435 [INFO] PluginManage:310 - Check plugin analytics
2026-03-03 21:12:45,606 [INFO] AnalyticsPlugin:253 - Accepted Software Licenses: 
2026-03-03 21:12:45,607 [INFO] AnalyticsPlugin:255 - Accepted CMSIS Pack Licenses: 
2026-03-03 21:12:45,607 [INFO] AnalyticsPlugin:257 - Accepted Firmware Licenses: FW.F4.1.28.0
2026-03-03 21:12:45,609 [INFO] PluginManage:359 - Loaded plugin analytics (category:tool,tabindex:-1)
2026-03-03 21:12:45,609 [INFO] PluginManage:310 - Check plugin cadmodel
2026-03-03 21:12:45,615 [INFO] CADModel:105 - Init CAD model plugin
2026-03-03 21:12:45,615 [INFO] PluginManage:359 - Loaded plugin cadmodel (category:power,tabindex:5)
2026-03-03 21:12:45,616 [INFO] PluginManage:310 - Check plugin clock
2026-03-03 21:12:45,625 [INFO] PluginManage:359 - Loaded plugin clock (category:base,tabindex:2)
2026-03-03 21:12:45,625 [INFO] PluginManage:310 - Check plugin ddr
2026-03-03 21:12:45,628 [INFO] PluginManage:359 - Loaded plugin ddr (category:tool,tabindex:6)
2026-03-03 21:12:45,628 [INFO] PluginManage:310 - Check plugin filemanager
2026-03-03 21:12:45,764 [INFO] PluginManage:359 - Loaded plugin filemanager (category:base,tabindex:10)
2026-03-03 21:12:45,764 [INFO] PluginManage:310 - Check plugin ipmanager
2026-03-03 21:12:45,769 [INFO] PluginManage:359 - Loaded plugin ipmanager (category:base,tabindex:5)
2026-03-03 21:12:45,769 [INFO] PluginManage:310 - Check plugin lpbam
2026-03-03 21:12:45,776 [INFO] PluginManage:359 - Loaded plugin lpbam (category:base,tabindex:0)
2026-03-03 21:12:45,776 [INFO] PluginManage:310 - Check plugin memorymap
2026-03-03 21:12:45,790 [INFO] PluginManage:359 - Loaded plugin memorymap (category:base,tabindex:4)
2026-03-03 21:12:45,791 [INFO] PluginManage:310 - Check plugin pinoutandconfiguration
2026-03-03 21:12:45,798 [INFO] PluginManage:359 - Loaded plugin pinoutandconfiguration (category:base,tabindex:1)
2026-03-03 21:12:45,798 [INFO] PluginManage:310 - Check plugin pinoutconfig
2026-03-03 21:12:45,866 [WARN] SupportedApi:132 - Cannot load RTOS API schema: s4s-elt-must-match.1: The content of 'definitions' must match (annotation?, (simpleType | complexType)?, (unique | key | keyref)*)). A problem was found starting at: attribute.
2026-03-03 21:12:45,966 [INFO] PluginManage:359 - Loaded plugin pinoutconfig (category:base,tabindex:0)
2026-03-03 21:12:45,966 [INFO] PluginManage:310 - Check plugin power
2026-03-03 21:12:45,978 [INFO] PluginManage:359 - Loaded plugin power (category:power,tabindex:4)
2026-03-03 21:12:45,978 [INFO] PluginManage:310 - Check plugin projectmanager
2026-03-03 21:12:45,988 [INFO] PluginManage:359 - Loaded plugin projectmanager (category:projectmanager,tabindex:4)
2026-03-03 21:12:45,988 [INFO] PluginManage:310 - Check plugin rif
2026-03-03 21:12:46,005 [INFO] PluginManage:359 - Loaded plugin rif (category:base,tabindex:3)
2026-03-03 21:12:46,006 [INFO] PluginManage:310 - Check plugin thirdparty
2026-03-03 21:12:46,120 [INFO] PluginManage:359 - Loaded plugin thirdparty (category:base,tabindex:-1)
2026-03-03 21:12:46,120 [WARN] IntegrityCheckThread:84 - waiting for thirdparty lock release [integrity check]
2026-03-03 21:12:46,120 [INFO] PluginManage:310 - Check plugin tools
2026-03-03 21:12:46,120 [INFO] IntegrityCheckThread:86 - entering critical section [integrity check]
2026-03-03 21:12:46,120 [INFO] ThirdPartyUpdaterWithRetryManager:70 - Updater plugin not ready yet. [1/15]
2026-03-03 21:12:46,122 [INFO] PluginManage:359 - Loaded plugin tools (category:base,tabindex:7)
2026-03-03 21:12:46,123 [INFO] PluginManage:310 - Check plugin tutovideos
2026-03-03 21:12:46,250 [INFO] PluginManage:359 - Loaded plugin tutovideos (category:base,tabindex:-1)
2026-03-03 21:12:46,250 [INFO] PluginManage:310 - Check plugin updater
2026-03-03 21:12:46,269 [INFO] PluginManage:359 - Loaded plugin updater (category:base,tabindex:12)
2026-03-03 21:12:46,269 [INFO] PluginManage:310 - Check plugin userauth
2026-03-03 21:12:46,272 [INFO] UserAuth:118 - Init User Auth plugin
2026-03-03 21:12:46,272 [INFO] PluginManage:359 - Loaded plugin userauth (category:base,tabindex:14)
2026-03-03 21:12:46,273 [INFO] PluginManage:283 - PluginManage : Loaded plugins [18]
2026-03-03 21:12:46,447 [INFO] PinOutPanel:1589 - setPackage(No Configuration,No Configuration)
2026-03-03 21:12:46,514 [INFO] CADModel:165 - CPN selected for project level
2026-03-03 21:12:46,514 [INFO] CADModel:114 - Register for checkConnection events
2026-03-03 21:12:46,532 [INFO] IPUIPlugin:80 - create IPUIPlugin
2026-03-03 21:12:46,532 [INFO] PluginManager:220 - loadIPPluginJar : add adc
2026-03-03 21:12:46,534 [INFO] IPUIPlugin:80 - create IPUIPlugin
2026-03-03 21:12:46,535 [INFO] PluginManager:220 - loadIPPluginJar : add aes
2026-03-03 21:12:46,537 [INFO] IPUIPlugin:80 - create IPUIPlugin
2026-03-03 21:12:46,537 [INFO] PluginManager:220 - loadIPPluginJar : add can
2026-03-03 21:12:46,538 [INFO] IPUIPlugin:80 - create IPUIPlugin
2026-03-03 21:12:46,538 [INFO] PluginManager:220 - loadIPPluginJar : add comp
2026-03-03 21:12:46,540 [INFO] IPUIPlugin:80 - create IPUIPlugin
2026-03-03 21:12:46,540 [INFO] PluginManager:220 - loadIPPluginJar : add cryp
2026-03-03 21:12:46,543 [INFO] IPUIPlugin:80 - create IPUIPlugin
2026-03-03 21:12:46,543 [INFO] PluginManager:220 - loadIPPluginJar : add ddr_ctrl_phy
2026-03-03 21:12:46,545 [INFO] IPUIPlugin:80 - create IPUIPlugin
2026-03-03 21:12:46,545 [INFO] PluginManager:220 - loadIPPluginJar : add dfsdm
2026-03-03 21:12:46,549 [INFO] IPUIPlugin:80 - create IPUIPlugin
2026-03-03 21:12:46,550 [INFO] PluginManager:220 - loadIPPluginJar : add dma
2026-03-03 21:12:46,552 [INFO] IPUIPlugin:80 - create IPUIPlugin
2026-03-03 21:12:46,552 [INFO] PluginManager:220 - loadIPPluginJar : add dma3
2026-03-03 21:12:46,554 [INFO] IPUIPlugin:80 - create IPUIPlugin
2026-03-03 21:12:46,554 [INFO] PluginManager:220 - loadIPPluginJar : add extmemmanager
2026-03-03 21:12:46,557 [INFO] IPUIPlugin:80 - create IPUIPlugin
2026-03-03 21:12:46,557 [INFO] PluginManager:220 - loadIPPluginJar : add fatfs
2026-03-03 21:12:46,560 [INFO] IPUIPlugin:80 - create IPUIPlugin
2026-03-03 21:12:46,561 [INFO] PluginManager:220 - loadIPPluginJar : add fmc
2026-03-03 21:12:46,568 [INFO] IPUIPlugin:80 - create IPUIPlugin
2026-03-03 21:12:46,568 [INFO] PluginManager:220 - loadIPPluginJar : add freertos
2026-03-03 21:12:46,569 [INFO] IPUIPlugin:80 - create IPUIPlugin
2026-03-03 21:12:46,569 [INFO] PluginManager:220 - loadIPPluginJar : add genericplugin
2026-03-03 21:12:46,571 [INFO] IPUIPlugin:80 - create IPUIPlugin
2026-03-03 21:12:46,571 [INFO] PluginManager:220 - loadIPPluginJar : add gfxmmu
2026-03-03 21:12:46,576 [INFO] IPUIPlugin:80 - create IPUIPlugin
2026-03-03 21:12:46,576 [INFO] PluginManager:220 - loadIPPluginJar : add gic
2026-03-03 21:12:46,586 [INFO] IPUIPlugin:80 - create IPUIPlugin
2026-03-03 21:12:46,586 [INFO] PluginManager:220 - loadIPPluginJar : add gpio
2026-03-03 21:12:46,589 [INFO] IPUIPlugin:80 - create IPUIPlugin
2026-03-03 21:12:46,589 [INFO] PluginManager:220 - loadIPPluginJar : add gtzc
2026-03-03 21:12:46,591 [INFO] IPUIPlugin:80 - create IPUIPlugin
2026-03-03 21:12:46,591 [INFO] PluginManager:220 - loadIPPluginJar : add hash
2026-03-03 21:12:46,593 [INFO] IPUIPlugin:80 - create IPUIPlugin
2026-03-03 21:12:46,593 [INFO] PluginManager:220 - loadIPPluginJar : add i2c
2026-03-03 21:12:46,595 [INFO] IPUIPlugin:80 - create IPUIPlugin
2026-03-03 21:12:46,595 [INFO] PluginManager:220 - loadIPPluginJar : add i2s
2026-03-03 21:12:46,597 [INFO] IPUIPlugin:80 - create IPUIPlugin
2026-03-03 21:12:46,597 [INFO] PluginManager:220 - loadIPPluginJar : add i3c
2026-03-03 21:12:46,600 [INFO] IPUIPlugin:80 - create IPUIPlugin
2026-03-03 21:12:46,601 [INFO] PluginManager:220 - loadIPPluginJar : add ipddr
2026-03-03 21:12:46,609 [INFO] IPUIPlugin:80 - create IPUIPlugin
2026-03-03 21:12:46,609 [INFO] PluginManager:220 - loadIPPluginJar : add linkedlist
2026-03-03 21:12:46,612 [INFO] IPUIPlugin:80 - create IPUIPlugin
2026-03-03 21:12:46,612 [INFO] PluginManager:220 - loadIPPluginJar : add lorawan
2026-03-03 21:12:46,613 [INFO] IPUIPlugin:80 - create IPUIPlugin
2026-03-03 21:12:46,613 [INFO] PluginManager:220 - loadIPPluginJar : add ltdc
2026-03-03 21:12:46,618 [INFO] IPUIPlugin:80 - create IPUIPlugin
2026-03-03 21:12:46,618 [INFO] PluginManager:220 - loadIPPluginJar : add mdma
2026-03-03 21:12:46,620 [INFO] IPUIPlugin:80 - create IPUIPlugin
2026-03-03 21:12:46,621 [INFO] PluginManager:220 - loadIPPluginJar : add nvic
2026-03-03 21:12:46,623 [INFO] IPUIPlugin:80 - create IPUIPlugin
2026-03-03 21:12:46,623 [INFO] PluginManager:220 - loadIPPluginJar : add opamp
2026-03-03 21:12:46,625 [INFO] IPUIPlugin:80 - create IPUIPlugin
2026-03-03 21:12:46,625 [INFO] PluginManager:220 - loadIPPluginJar : add openamp
2026-03-03 21:12:46,628 [INFO] IPUIPlugin:80 - create IPUIPlugin
2026-03-03 21:12:46,628 [INFO] PluginManager:220 - loadIPPluginJar : add pdm2pcm
2026-03-03 21:12:46,633 [INFO] IPUIPlugin:80 - create IPUIPlugin
2026-03-03 21:12:46,635 [INFO] PluginManager:220 - loadIPPluginJar : add plateformsettings
2026-03-03 21:12:46,637 [INFO] IPUIPlugin:80 - create IPUIPlugin
2026-03-03 21:12:46,637 [INFO] PluginManager:220 - loadIPPluginJar : add quadspi
2026-03-03 21:12:46,638 [INFO] IPUIPlugin:80 - create IPUIPlugin
2026-03-03 21:12:46,639 [INFO] PluginManager:220 - loadIPPluginJar : add radio
2026-03-03 21:12:46,650 [INFO] IPUIPlugin:80 - create IPUIPlugin
2026-03-03 21:12:46,650 [INFO] PluginManager:220 - loadIPPluginJar : add resmgrutility
2026-03-03 21:12:46,653 [INFO] IPUIPlugin:80 - create IPUIPlugin
2026-03-03 21:12:46,653 [INFO] PluginManager:220 - loadIPPluginJar : add sai
2026-03-03 21:12:46,655 [INFO] IPUIPlugin:80 - create IPUIPlugin
2026-03-03 21:12:46,655 [INFO] PluginManager:220 - loadIPPluginJar : add spi
2026-03-03 21:12:46,660 [INFO] IPUIPlugin:80 - create IPUIPlugin
2026-03-03 21:12:46,660 [INFO] PluginManager:220 - loadIPPluginJar : add stm32_wpan
2026-03-03 21:12:46,662 [INFO] IPUIPlugin:80 - create IPUIPlugin
2026-03-03 21:12:46,662 [INFO] PluginManager:220 - loadIPPluginJar : add tim
2026-03-03 21:12:46,665 [INFO] IPUIPlugin:80 - create IPUIPlugin
2026-03-03 21:12:46,665 [INFO] PluginManager:220 - loadIPPluginJar : add touchsensing
2026-03-03 21:12:46,667 [INFO] IPUIPlugin:80 - create IPUIPlugin
2026-03-03 21:12:46,667 [INFO] PluginManager:220 - loadIPPluginJar : add tracer_emb
2026-03-03 21:12:46,669 [INFO] IPUIPlugin:80 - create IPUIPlugin
2026-03-03 21:12:46,669 [INFO] PluginManager:220 - loadIPPluginJar : add ts
2026-03-03 21:12:46,670 [INFO] IPUIPlugin:80 - create IPUIPlugin
2026-03-03 21:12:46,670 [INFO] PluginManager:220 - loadIPPluginJar : add tsc
2026-03-03 21:12:46,671 [INFO] IPUIPlugin:80 - create IPUIPlugin
2026-03-03 21:12:46,671 [INFO] PluginManager:220 - loadIPPluginJar : add ucpd
2026-03-03 21:12:46,673 [INFO] IPUIPlugin:80 - create IPUIPlugin
2026-03-03 21:12:46,673 [INFO] PluginManager:220 - loadIPPluginJar : add usart
2026-03-03 21:12:46,675 [INFO] IPUIPlugin:80 - create IPUIPlugin
2026-03-03 21:12:46,675 [INFO] PluginManager:220 - loadIPPluginJar : add usbx
2026-03-03 21:12:46,791 [FATAL] Updater:351 - Updater called before beeing initialized
2026-03-03 21:12:46,810 [INFO] RulesReader:64 - Compatibility file has been processed (302 Rules)
2026-03-03 21:12:46,818 [INFO] RulesReader:64 - Compatibility file has been processed (302 Rules)
2026-03-03 21:12:46,825 [INFO] CADModel:165 - CPN selected for project level
2026-03-03 21:12:46,825 [INFO] CADModel:114 - Register for checkConnection events
2026-03-03 21:12:46,825 [FATAL] Updater:351 - Updater called before beeing initialized
2026-03-03 21:12:46,825 [ERROR] CADModel:125 - Updater not yet initialized, retry later 
2026-03-03 21:12:46,993 [FATAL] Updater:351 - Updater called before beeing initialized
2026-03-03 21:12:46,996 [INFO] CADModel:165 - CPN selected for project level
2026-03-03 21:12:46,996 [INFO] CADModel:114 - Register for checkConnection events
2026-03-03 21:12:46,996 [FATAL] Updater:351 - Updater called before beeing initialized
2026-03-03 21:12:46,996 [ERROR] CADModel:125 - Updater not yet initialized, retry later 
2026-03-03 21:12:46,999 [FATAL] Updater:351 - Updater called before beeing initialized
2026-03-03 21:12:47,079 [FATAL] Updater:351 - Updater called before beeing initialized
2026-03-03 21:12:47,083 [INFO] DbMcusAds:53 - JSON generation date=Wed Feb 18 20:02:49 IST 2026 (1771425169665)
2026-03-03 21:12:47,083 [FATAL] Updater:351 - Updater called before beeing initialized
2026-03-03 21:12:47,114 [WARN] DetailPanel:346 - Failed to get advertising image, set to default
2026-03-03 21:12:47,283 [FATAL] Updater:351 - Updater called before beeing initialized
2026-03-03 21:12:47,285 [FATAL] Updater:351 - Updater called before beeing initialized
2026-03-03 21:12:47,286 [FATAL] Updater:351 - Updater called before beeing initialized
2026-03-03 21:12:47,286 [WARN] DetailPanel:346 - Failed to get advertising image, set to default
2026-03-03 21:12:47,287 [FATAL] Updater:351 - Updater called before beeing initialized
2026-03-03 21:12:47,325 [ERROR] Updater:1198 - MainUpdater not yet initialized. External WinMGr cannot be set.
2026-03-03 21:12:47,330 [INFO] Updater:1134 - Updater Version found : 6.14.1
2026-03-03 21:12:47,352 [INFO] ApplicationProperties:184 - Using Application install path: C:\ST\STM32CubeIDE_1.18.1\STM32CubeIDE\plugins\com.st.stm32cube.common.mx_6.14.1.202504091515
2026-03-03 21:12:48,923 [ERROR] LogOutputStream:75 - [STDERR_REDIRECT] Mar 03, 2026 9:12:48 PM java.util.prefs.WindowsPreferences <init>
2026-03-03 21:12:48,923 [ERROR] LogOutputStream:75 - [STDERR_REDIRECT] WARNING: Could not open/create prefs root node Software\JavaSoft\Prefs at root 0xffffffff80000002. Windows RegCreateKeyEx(...) returned error code 5.
2026-03-03 21:12:48,924 [ERROR] LogOutputStream:75 - [STDERR_REDIRECT] 
2026-03-03 21:12:49,121 [INFO] ThirdPartyUpdaterWithRetryManager:70 - Updater plugin not ready yet. [2/15]
2026-03-03 21:12:49,374 [INFO] MainUpdater:2872 - connection check result : 10
2026-03-03 21:12:49,375 [INFO] MainUpdater:3566 - Updater definition file requires update
2026-03-03 21:12:49,375 [INFO] MainUpdater:289 - Updater Check For Update Now.
2026-03-03 21:12:49,375 [INFO] MicroXplorer:498 - Change Database Version : DB.6.0.141
2026-03-03 21:12:49,380 [INFO] McuFinderGlobals:63 - Set McuFinder mode to 2 (CubeIDE integrated)
2026-03-03 21:12:49,381 [INFO] UserAuth:484 - Internet connection configuration mode: 1
2026-03-03 21:12:49,396 [INFO] JxBrowserEngine:152 - Initiate JxBrowser Engine with user profile folder
2026-03-03 21:12:49,487 [INFO] ServerAccessManage:473 - Download File updaters.zip
2026-03-03 21:12:49,735 [INFO] FileExtend:242 - Unzip File : updaters.zip
2026-03-03 21:12:49,736 [INFO] FileExtend:257 - Standard Zip Deflate
2026-03-03 21:12:50,573 [INFO] ServerAccessManage:473 - Download File PacksControlFlags.xml
2026-03-03 21:12:50,685 [INFO] WebApp:169 - Instantiating new browser for Auth
2026-03-03 21:12:50,716 [INFO] ServerAccessManage:473 - Download File cubemx.pidx
2026-03-03 21:12:51,672 [INFO] WebApp:463 - Apply proxy settings
2026-03-03 21:12:51,673 [INFO] WebApp:548 - Chromium requires no authentication
2026-03-03 21:12:51,687 [INFO] WebApp:491 - Direct internet connection detected
2026-03-03 21:12:51,724 [INFO] WebApp:894 - Register for checkConnection events
2026-03-03 21:12:51,725 [INFO] WebApp:463 - Apply proxy settings
2026-03-03 21:12:51,725 [INFO] WebApp:548 - Chromium requires no authentication
2026-03-03 21:12:51,725 [INFO] WebApp:491 - Direct internet connection detected
2026-03-03 21:12:51,838 [INFO] ServerAccessManage:473 - Download File STMicroelectronics.X-CUBE-FREERTOS.pdsc
2026-03-03 21:12:51,916 [INFO] WebApp:225 - Starting web application
2026-03-03 21:12:51,916 [INFO] WebApp:593 - Web application path used C:\ST\STM32CubeIDE_1.18.1\STM32CubeIDE\plugins\com.st.stm32cube.common.mx_6.14.1.202504091515\db\plugins\mcufinder\reactClient1\index.html
2026-03-03 21:12:52,033 [INFO] UserAuth:484 - Internet connection configuration mode: 1
2026-03-03 21:12:52,122 [WARN] MainUpdater:1193 - Updater busy. Cannot search thirdparties
2026-03-03 21:12:52,122 [INFO] WebApp:191 - Connection restablished
2026-03-03 21:12:52,122 [INFO] ThirdPartyUpdaterWithRetryManager:96 - Updater plugin is busy. [1/15]
2026-03-03 21:12:54,410 [INFO] ServerAccessManage:473 - Download File STMicroelectronics.X-CUBE-TOUCHGFX.pdsc
2026-03-03 21:12:55,123 [WARN] MainUpdater:1193 - Updater busy. Cannot search thirdparties
2026-03-03 21:12:55,123 [INFO] ThirdPartyUpdaterWithRetryManager:96 - Updater plugin is busy. [2/15]
2026-03-03 21:12:58,125 [WARN] MainUpdater:1193 - Updater busy. Cannot search thirdparties
2026-03-03 21:12:58,125 [INFO] ThirdPartyUpdaterWithRetryManager:96 - Updater plugin is busy. [3/15]
2026-03-03 21:13:01,126 [WARN] MainUpdater:1193 - Updater busy. Cannot search thirdparties
2026-03-03 21:13:01,126 [INFO] ThirdPartyUpdaterWithRetryManager:96 - Updater plugin is busy. [4/15]
2026-03-03 21:13:01,839 [INFO] ServerAccessManage:473 - Download File STMicroelectronics.X-CUBE-AZRTOS-H7.pdsc
2026-03-03 21:13:04,127 [WARN] MainUpdater:1193 - Updater busy. Cannot search thirdparties
2026-03-03 21:13:04,127 [INFO] ThirdPartyUpdaterWithRetryManager:96 - Updater plugin is busy. [5/15]
2026-03-03 21:13:04,184 [WARN] PopulateThirdPartyThread:106 - Error when creating pack: C:/Users/MinnuDiary/.stm32cubemx/thirdparties/pdsc/STMicroelectronics.X-CUBE-FREERTOS.pdsc
2026-03-03 21:13:04,245 [WARN] PackLoader:240 - Cannot read IP mode file for STMicroelectronics.X-CUBE-TOUCHGFX.4.26.1
2026-03-03 21:13:04,269 [WARN] PackLoader:240 - Cannot read IP mode file for STMicroelectronics.X-CUBE-AZRTOS-H7.3.5.0
2026-03-03 21:13:04,272 [INFO] PopulateThirdPartyThread:66 - Ending populate Thread
2026-03-03 21:13:04,274 [INFO] ThirdParty:1030 - CMSIS Pack Vendor :STMicroelectronics X-CUBE-AZRTOS-H7 3.5.0
2026-03-03 21:13:04,274 [INFO] ThirdParty:1030 - CMSIS Pack Vendor :STMicroelectronics X-CUBE-TOUCHGFX 4.26.1
2026-03-03 21:13:04,274 [INFO] LoadServerUpdatesThread:375 - End of LoadServerUpdate Thread
2026-03-03 21:13:04,324 [INFO] CheckServerUpdateThread:120 - End of CheckServer Thread
2026-03-03 21:13:07,303 [WARN] PackLoader:240 - Cannot read IP mode file for STMicroelectronics.X-CUBE-AZRTOS-H7.3.5.0
2026-03-03 21:13:07,311 [WARN] PackLoader:240 - Cannot read IP mode file for STMicroelectronics.FP-SNS-MOTENVWB1.1.4.0
2026-03-03 21:13:07,315 [WARN] PackLoader:240 - Cannot read IP mode file for STMicroelectronics.FP-ATR-ASTRA1.2.0.2
2026-03-03 21:13:07,322 [WARN] PackLoader:240 - Cannot read IP mode file for STMicroelectronics.X-CUBE-SMBUS.2.1.0
2026-03-03 21:13:07,333 [WARN] PackLoader:240 - Cannot read IP mode file for STMicroelectronics.X-CUBE-AZRTOS-F7.1.1.0
2026-03-03 21:13:07,337 [WARN] PackLoader:240 - Cannot read IP mode file for Cesanta.I-CUBE-Mongoose.7.19.0
2026-03-03 21:13:07,340 [ERROR] Engine:466 - C:\Users\MinnuDiary\.stm32cubemx\thirdparties\pdsc\STMicroelectronics.FP-SNS-MOTENV1.5.1.0.pdsc: PDSC version is not supported
2026-03-03 21:13:07,342 [ERROR] Engine:466 - C:\Users\MinnuDiary\.stm32cubemx\thirdparties\pdsc\WES.I-CUBE-Cesium.1.4.0.pdsc: PDSC version is not supported
2026-03-03 21:13:07,353 [WARN] PackLoader:240 - Cannot read IP mode file for Infineon.AIROC-Wi-Fi-Bluetooth-STM32.1.7.1
2026-03-03 21:13:07,366 [WARN] PackLoader:240 - Cannot read IP mode file for STMicroelectronics.X-CUBE-AZRTOS-H7.3.4.0
2026-03-03 21:13:07,373 [WARN] PackLoader:240 - Cannot read IP mode file for STMicroelectronics.X-CUBE-DISPLAY.3.0.0
2026-03-03 21:13:07,377 [ERROR] Engine:466 - C:\Users\MinnuDiary\.stm32cubemx\thirdparties\pdsc\STMicroelectronics.FP-SNS-MOTENVWB1.1.5.0.pdsc: PDSC version is not supported
2026-03-03 21:13:07,382 [WARN] PackLoader:240 - Cannot read IP mode file for STMicroelectronics.X-CUBE-NFC10.1.0.0
2026-03-03 21:13:07,388 [WARN] PackLoader:240 - Cannot read IP mode file for STMicroelectronics.X-CUBE-ST60.1.1.0
2026-03-03 21:13:07,393 [WARN] PackLoader:240 - Cannot read IP mode file for emotas.I-CUBE-CANOPEN.1.3.0
2026-03-03 21:13:07,397 [WARN] PackLoader:240 - Cannot read IP mode file for STMicroelectronics.X-CUBE-GNSS1.7.1.0
2026-03-03 21:13:07,402 [ERROR] Engine:466 - C:\Users\MinnuDiary\.stm32cubemx\thirdparties\pdsc\STMicroelectronics.FP-SNS-STBOX1.2.1.0.pdsc: PDSC version is not supported
2026-03-03 21:13:07,405 [WARN] PackLoader:240 - Cannot read IP mode file for STMicroelectronics.FP-SNS-SMARTAG2.1.2.0
2026-03-03 21:13:07,409 [WARN] PackLoader:240 - Cannot read IP mode file for STMicroelectronics.FP-SNS-FLIGHT1.5.1.0
2026-03-03 21:13:07,415 [INFO] LogOutputStream:77 - [STDOUT_REDIRECT] 1 : Invalid condition id : UX_CORESTACK_Condition cause : null
2026-03-03 21:13:07,415 [INFO] LogOutputStream:77 - [STDOUT_REDIRECT] 1 : Invalid condition id : UX_CORESTACK_Condition cause : null
2026-03-03 21:13:07,416 [INFO] LogOutputStream:77 - [STDOUT_REDIRECT] 1 : Invalid condition id : UX_CORESTACK_Condition cause : null
2026-03-03 21:13:07,416 [INFO] LogOutputStream:77 - [STDOUT_REDIRECT] 1 : Invalid condition id : UX_CORESTACK_Condition cause : null
2026-03-03 21:13:07,417 [INFO] LogOutputStream:77 - [STDOUT_REDIRECT] 1 : Invalid condition id : UX_CORESTACK_Condition cause : null
2026-03-03 21:13:07,418 [WARN] PackLoader:240 - Cannot read IP mode file for STMicroelectronics.X-CUBE-AZRTOS-WL.2.0.0
2026-03-03 21:13:07,428 [WARN] PackLoader:240 - Cannot read IP mode file for STMicroelectronics.X-CUBE-AZRTOS-H7RS.1.2.0
2026-03-03 21:13:07,433 [WARN] PackLoader:240 - Cannot read IP mode file for STMicroelectronics.X-CUBE-BLE2.3.3.0
2026-03-03 21:13:07,449 [WARN] PackLoader:240 - Cannot read IP mode file for STMicroelectronics.X-CUBE-NFC9.1.0.0
2026-03-03 21:13:07,454 [WARN] PackLoader:240 - Cannot read IP mode file for wolfSSL.I-CUBE-wolfSSL.5.8.2
2026-03-03 21:13:07,458 [WARN] PackLoader:240 - Cannot read IP mode file for STMicroelectronics.X-CUBE-BLE1.7.1.0
2026-03-03 21:13:07,461 [WARN] PackLoader:240 - Cannot read IP mode file for wolfSSL.I-CUBE-wolfMQTT.1.19.2
2026-03-03 21:13:07,463 [ERROR] Engine:466 - C:\Users\MinnuDiary\.stm32cubemx\thirdparties\pdsc\STMicroelectronics.X-CUBE-FREERTOS.1.4.0.pdsc: PDSC version is not supported
2026-03-03 21:13:07,467 [WARN] PackLoader:240 - Cannot read IP mode file for STMicroelectronics.X-CUBE-EEPRMA1.5.2.0
2026-03-03 21:13:07,471 [ERROR] Engine:466 - C:\Users\MinnuDiary\.stm32cubemx\thirdparties\pdsc\STMicroelectronics.X-CUBE-ST67W61.1.1.0.pdsc: PDSC version is not supported
2026-03-03 21:13:07,491 [WARN] PackLoader:240 - Cannot read IP mode file for STMicroelectronics.X-CUBE-MEMS1.12.0.0
2026-03-03 21:13:07,543 [WARN] PackLoader:240 - Cannot read IP mode file for STMicroelectronics.X-CUBE-AZRTOS-G0.1.1.0
2026-03-03 21:13:07,548 [WARN] PackLoader:240 - Cannot read IP mode file for STMicroelectronics.X-CUBE-NFC4.3.0.0
2026-03-03 21:13:07,555 [WARN] PackLoader:240 - Cannot read IP mode file for EmbeddedOffice.I-CUBE-FS-RTOS.1.0.1
2026-03-03 21:13:07,560 [WARN] PackLoader:240 - Cannot read IP mode file for STMicroelectronics.X-CUBE-WB05N.2.0.0
2026-03-03 21:13:07,564 [WARN] PackLoader:240 - Cannot read IP mode file for wolfSSL.I-CUBE-wolfTPM.3.8.0
2026-03-03 21:13:07,570 [WARN] PackLoader:240 - Cannot read IP mode file for STMicroelectronics.X-CUBE-TCPP.4.2.0
2026-03-03 21:13:07,575 [WARN] PackLoader:240 - Cannot read IP mode file for RealThread.X-CUBE-RT-Thread_Nano.4.1.1
2026-03-03 21:13:07,579 [WARN] PackLoader:240 - Cannot read IP mode file for STMicroelectronics.FP-ATR-SIGFOX1.3.2.0
2026-03-03 21:13:07,581 [ERROR] Engine:466 - C:\Users\MinnuDiary\.stm32cubemx\thirdparties\pdsc\STMicroelectronics.X-CUBE-FREERTOS.1.5.0.pdsc: PDSC version is not supported
2026-03-03 21:13:07,585 [WARN] PackLoader:240 - Cannot read IP mode file for ITTIA_DB.I-CUBE-ITTIADB.8.9.0
2026-03-03 21:13:07,590 [WARN] PackLoader:240 - Cannot read IP mode file for STMicroelectronics.X-CUBE-NFC6.3.2.0
2026-03-03 21:13:07,595 [WARN] PackLoader:240 - Cannot read IP mode file for STMicroelectronics.X-CUBE-AI.10.2.0
2026-03-03 21:13:07,610 [WARN] PackLoader:240 - Cannot read IP mode file for SEGGER.I-CUBE-embOS.1.3.1
2026-03-03 21:13:07,632 [WARN] PackLoader:240 - Cannot read IP mode file for STMicroelectronics.X-CUBE-ALGOBUILD.1.4.0
2026-03-03 21:13:07,657 [WARN] PackLoader:240 - Cannot read IP mode file for STMicroelectronics.X-CUBE-MEMS1.11.3.0
2026-03-03 21:13:07,750 [WARN] PackLoader:240 - Cannot read IP mode file for STMicroelectronics.X-CUBE-PM33A1.1.0.0
2026-03-03 21:13:07,758 [WARN] PackLoader:240 - Cannot read IP mode file for STMicroelectronics.X-CUBE-AZRTOS-F4.1.1.0
2026-03-03 21:13:07,762 [WARN] PackLoader:240 - Cannot read IP mode file for STMicroelectronics.X-CUBE-ISPU.2.1.0
2026-03-03 21:13:07,766 [ERROR] Engine:466 - C:\Users\MinnuDiary\.stm32cubemx\thirdparties\pdsc\STMicroelectronics.X-CUBE-IPS.3.2.0.pdsc: PDSC version is not supported
2026-03-03 21:13:07,772 [WARN] PackLoader:240 - Cannot read IP mode file for STMicroelectronics.X-CUBE-NFC12.1.0.0
2026-03-03 21:13:07,781 [WARN] PackLoader:240 - Cannot read IP mode file for STMicroelectronics.X-CUBE-AZRTOS-L5.2.0.0
2026-03-03 21:13:07,788 [WARN] PackLoader:240 - Cannot read IP mode file for STMicroelectronics.X-CUBE-NFC6.3.1.0
2026-03-03 21:13:07,794 [WARN] PackLoader:240 - Cannot read IP mode file for STMicroelectronics.X-CUBE-FREERTOS.1.3.1
2026-03-03 21:13:07,798 [WARN] PackLoader:240 - Cannot read IP mode file for STMicroelectronics.X-CUBE-TOUCHGFX.4.26.0
2026-03-03 21:13:07,800 [WARN] PackLoader:240 - Cannot read IP mode file for STMicroelectronics.X-CUBE-TOUCHGFX.4.26.1
2026-03-03 21:13:07,804 [WARN] PackLoader:240 - Cannot read IP mode file for STMicroelectronics.FP-SNS-STAIOTCFT.1.0.0
2026-03-03 21:13:07,808 [WARN] PackLoader:240 - Cannot read IP mode file for STMicroelectronics.X-CUBE-DPower.1.3.0
2026-03-03 21:13:07,816 [WARN] ConditionMgr:438 - getConditionDescription Invalid condition id : LAN8742 Phy interface Condition cause : null
2026-03-03 21:13:07,816 [WARN] PackLoader:240 - Cannot read IP mode file for STMicroelectronics.X-CUBE-AZRTOS-L4.2.0.0
2026-03-03 21:13:07,817 [WARN] ConditionMgr:1044 - genDependencies : Invalid condition id : LAN8742 Phy interface Condition cause : null
2026-03-03 21:13:07,817 [WARN] ConditionMgr:1044 - genDependencies : Invalid condition id : LAN8742 Phy interface Condition cause : null
2026-03-03 21:13:07,818 [WARN] ConditionMgr:1044 - genDependencies : Invalid condition id : LAN8742 Phy interface Condition cause : null
2026-03-03 21:13:07,822 [WARN] PackLoader:240 - Cannot read IP mode file for STMicroelectronics.X-CUBE-SFXS2LP1.4.0.0
2026-03-03 21:13:07,825 [ERROR] Engine:466 - C:\Users\MinnuDiary\.stm32cubemx\thirdparties\pdsc\STMicroelectronics.X-CUBE-ST67W61.1.2.0.pdsc: PDSC version is not supported
2026-03-03 21:13:07,830 [WARN] PackLoader:240 - Cannot read IP mode file for STMicroelectronics.X-CUBE-BLEMGR.4.1.0
2026-03-03 21:13:07,839 [WARN] ConditionMgr:438 - getConditionDescription Invalid condition id : UX DEVICE CLASS RTOS Condition cause : null
2026-03-03 21:13:07,839 [WARN] ConditionMgr:438 - getConditionDescription Invalid condition id : UX DEVICE CLASS RTOS Condition cause : null
2026-03-03 21:13:07,840 [WARN] PackLoader:240 - Cannot read IP mode file for STMicroelectronics.X-CUBE-AZRTOS-WB.2.0.0
2026-03-03 21:13:07,840 [WARN] ConditionMgr:1044 - genDependencies : Invalid condition id : UX DEVICE CLASS RTOS Condition cause : null
2026-03-03 21:13:07,840 [WARN] ConditionMgr:1044 - genDependencies : Invalid condition id : UX DEVICE CLASS RTOS Condition cause : null
2026-03-03 21:13:07,840 [WARN] ConditionMgr:1044 - genDependencies : Invalid condition id : UX DEVICE CLASS RTOS Condition cause : null
2026-03-03 21:13:07,841 [WARN] ConditionMgr:1044 - genDependencies : Invalid condition id : UX DEVICE CLASS RTOS Condition cause : null
2026-03-03 21:13:07,841 [WARN] ConditionMgr:1044 - genDependencies : Invalid condition id : UX DEVICE CLASS RTOS Condition cause : null
2026-03-03 21:13:07,844 [WARN] ConditionMgr:438 - getConditionDescription Invalid condition id : Cortex-A Device cause : null
2026-03-03 21:13:07,850 [WARN] ConditionMgr:1044 - genDependencies : Invalid condition id : Cortex-A Device cause : null
2026-03-03 21:13:07,850 [WARN] ConditionMgr:1044 - genDependencies : Invalid condition id : Cortex-A Device cause : null
2026-03-03 21:13:07,850 [WARN] ConditionMgr:1044 - genDependencies : Invalid condition id : Cortex-A Device cause : null
2026-03-03 21:13:07,855 [WARN] PackLoader:240 - Cannot read IP mode file for STMicroelectronics.X-CUBE-STSE01.2.0.0
2026-03-03 21:13:07,861 [WARN] PackLoader:240 - Cannot read IP mode file for STMicroelectronics.X-CUBE-SUBG2.5.0.0
2026-03-03 21:13:07,872 [WARN] PackLoader:240 - Cannot read IP mode file for STMicroelectronics.X-CUBE-AZRTOS-H7RS.1.1.0
2026-03-03 21:13:07,879 [WARN] PackLoader:240 - Cannot read IP mode file for STMicroelectronics.X-CUBE-AZRTOS-G4.2.0.0
2026-03-03 21:13:07,884 [WARN] PackLoader:240 - Cannot read IP mode file for wolfSSL.I-CUBE-wolfSSH.1.4.20
2026-03-03 21:13:07,888 [WARN] PackLoader:240 - Cannot read IP mode file for STMicroelectronics.X-CUBE-NFC7.2.0.0
2026-03-03 21:13:07,893 [WARN] PackLoader:240 - Cannot read IP mode file for STMicroelectronics.X-CUBE-ALS.1.0.2
2026-03-03 21:13:07,897 [WARN] PackLoader:240 - Cannot read IP mode file for STMicroelectronics.X-CUBE-STSE01.1.0.0
2026-03-03 21:13:07,903 [WARN] PackLoader:240 - Cannot read IP mode file for STMicroelectronics.X-CUBE-TOF1.3.4.3
2026-03-03 21:13:07,907 [INFO] ThirdParty:978 - Integrity check success = true
2026-03-03 21:13:07,907 [INFO] IntegrityCheckThread:100 - exiting critical section [integrity check]
2026-03-03 21:13:07,907 [INFO] IntegrityCheckThread:103 - End integrity checks thread
