2026-02-22 23:15:50,520 [ERROR] LogOutputStream:75 - [STDERR_REDIRECT] 
2026-02-22 23:16:17,436 [INFO] Activator:176 - 


2026-02-22 23:16:17,440 [INFO] Activator:177 - !SESSION log4j initialized
2026-02-22 23:16:25,030 [INFO] LogOutputStream:77 - [STDOUT_REDIRECT] 
2026-02-22 23:16:28,146 [INFO] ApplicationProperties:184 - Using Application install path: C:\ST\STM32CubeIDE_1.18.1\STM32CubeIDE\plugins\com.st.stm32cube.common.mx_6.14.1.202504091515
2026-02-22 23:16:28,174 [INFO] DbMcusXml:78 - Set database path to: C:\ST\STM32CubeIDE_1.18.1\STM32CubeIDE\plugins\com.st.stm32cube.common.mx_6.14.1.202504091515\\db\/mcu/
2026-02-22 23:16:28,174 [INFO] ApiDb:274 - Set plugin database path to: C:\ST\STM32CubeIDE_1.18.1\STM32CubeIDE\plugins\com.st.stm32cube.common.mx_6.14.1.202504091515\\db\/plugins/boardmanager/
2026-02-22 23:16:28,174 [WARN] ApiDb:259 - Overriding images path with different value:  => C:\ST\STM32CubeIDE_1.18.1\STM32CubeIDE\plugins\com.st.stm32cube.common.mx_6.14.1.202504091515\\db\/plugins/mcufinder/images/
2026-02-22 23:16:28,185 [INFO] ApiDb:250 - Set database path to: C:\Users\MinnuDiary\.stmcufinder\plugins\mcufinder//mcu/
2026-02-22 23:16:28,186 [INFO] DbMcusAds:125 - Set database path to: C:\Users\MinnuDiary\.stmcufinder\plugins\mcufinder//mcu/
2026-02-22 23:16:28,190 [INFO] CrossReferenceDbSqlite:203 - Set database path to: C:\Users\MinnuDiary\.stmcufinder\plugins\mcufinder//mcu/cs/
2026-02-22 23:16:28,343 [INFO] RulesReader:64 - Compatibility file has been processed (302 Rules)
2026-02-22 23:16:28,528 [INFO] DbMcusXml:78 - Set database path to: C:\ST\STM32CubeIDE_1.18.1\STM32CubeIDE\plugins\com.st.stm32cube.common.mx_6.14.1.202504091515\\db\/mcu/
2026-02-22 23:16:28,528 [INFO] ApiDb:274 - Set plugin database path to: C:\ST\STM32CubeIDE_1.18.1\STM32CubeIDE\plugins\com.st.stm32cube.common.mx_6.14.1.202504091515\\db\/plugins/boardmanager/
2026-02-22 23:16:28,529 [INFO] ApiDb:261 - Set plugin images path to: C:\ST\STM32CubeIDE_1.18.1\STM32CubeIDE\plugins\com.st.stm32cube.common.mx_6.14.1.202504091515\\db\/plugins/mcufinder/images/
2026-02-22 23:16:28,529 [WARN] DbFile:41 - Overriding database path with different value: C:\Users\MinnuDiary\.stmcufinder\plugins\mcufinder/ => C:\Users\MinnuDiary\.stmcufinder\plugins\mcufinder
2026-02-22 23:16:28,529 [INFO] ApiDb:250 - Set database path to: C:\Users\MinnuDiary\.stmcufinder\plugins\mcufinder//mcu/
2026-02-22 23:16:28,529 [WARN] DbFile:41 - Overriding database path with different value: C:\Users\MinnuDiary\.stmcufinder\plugins\mcufinder/ => C:\Users\MinnuDiary\.stmcufinder\plugins\mcufinder
2026-02-22 23:16:28,529 [INFO] DbMcusAds:125 - Set database path to: C:\Users\MinnuDiary\.stmcufinder\plugins\mcufinder//mcu/
2026-02-22 23:16:28,529 [WARN] DbFile:41 - Overriding database path with different value: C:\Users\MinnuDiary\.stmcufinder\plugins\mcufinder/ => C:\Users\MinnuDiary\.stmcufinder\plugins\mcufinder
2026-02-22 23:16:28,529 [WARN] DbFile:41 - Overriding database path with different value: C:\Users\MinnuDiary\.stmcufinder\plugins\mcufinder/ => C:\Users\MinnuDiary\.stmcufinder\plugins\mcufinder
2026-02-22 23:16:28,529 [INFO] CrossReferenceDbSqlite:203 - Set database path to: C:\Users\MinnuDiary\.stmcufinder\plugins\mcufinder//mcu/cs/
2026-02-22 23:16:28,666 [INFO] MainPanel:272 - HeapMemory: 268435456
2026-02-22 23:16:28,871 [INFO] DbMcusXml:78 - Set database path to: C:\ST\STM32CubeIDE_1.18.1\STM32CubeIDE\plugins\com.st.stm32cube.common.mx_6.14.1.202504091515\\db\/mcu/
2026-02-22 23:16:28,872 [INFO] ApiDb:274 - Set plugin database path to: C:\ST\STM32CubeIDE_1.18.1\STM32CubeIDE\plugins\com.st.stm32cube.common.mx_6.14.1.202504091515\\db\/plugins/boardmanager/
2026-02-22 23:16:28,872 [INFO] ApiDb:261 - Set plugin images path to: C:\ST\STM32CubeIDE_1.18.1\STM32CubeIDE\plugins\com.st.stm32cube.common.mx_6.14.1.202504091515\\db\/plugins/mcufinder/images/
2026-02-22 23:16:28,873 [WARN] DbFile:41 - Overriding database path with different value: C:\Users\MinnuDiary\.stmcufinder\plugins\mcufinder/ => C:\Users\MinnuDiary\.stmcufinder\plugins\mcufinder
2026-02-22 23:16:28,873 [INFO] ApiDb:250 - Set database path to: C:\Users\MinnuDiary\.stmcufinder\plugins\mcufinder//mcu/
2026-02-22 23:16:28,873 [WARN] DbFile:41 - Overriding database path with different value: C:\Users\MinnuDiary\.stmcufinder\plugins\mcufinder/ => C:\Users\MinnuDiary\.stmcufinder\plugins\mcufinder
2026-02-22 23:16:28,873 [INFO] DbMcusAds:125 - Set database path to: C:\Users\MinnuDiary\.stmcufinder\plugins\mcufinder//mcu/
2026-02-22 23:16:28,873 [WARN] DbFile:41 - Overriding database path with different value: C:\Users\MinnuDiary\.stmcufinder\plugins\mcufinder/ => C:\Users\MinnuDiary\.stmcufinder\plugins\mcufinder
2026-02-22 23:16:28,873 [WARN] DbFile:41 - Overriding database path with different value: C:\Users\MinnuDiary\.stmcufinder\plugins\mcufinder/ => C:\Users\MinnuDiary\.stmcufinder\plugins\mcufinder
2026-02-22 23:16:28,873 [INFO] CrossReferenceDbSqlite:203 - Set database path to: C:\Users\MinnuDiary\.stmcufinder\plugins\mcufinder//mcu/cs/
2026-02-22 23:16:28,905 [INFO] ApplicationProperties:184 - Using Application install path: C:\ST\STM32CubeIDE_1.18.1\STM32CubeIDE\plugins\com.st.stm32cube.common.mx_6.14.1.202504091515
2026-02-22 23:16:28,907 [INFO] PluginManage:196 - Search for loadable plugins [exclusion list=, ]
2026-02-22 23:16:28,909 [INFO] PluginManage:310 - Check plugin analytics
2026-02-22 23:16:29,274 [INFO] AnalyticsPlugin:253 - Accepted Software Licenses: 
2026-02-22 23:16:29,275 [INFO] AnalyticsPlugin:255 - Accepted CMSIS Pack Licenses: 
2026-02-22 23:16:29,275 [INFO] AnalyticsPlugin:257 - Accepted Firmware Licenses: FW.F4.1.28.0
2026-02-22 23:16:29,279 [INFO] PluginManage:359 - Loaded plugin analytics (category:tool,tabindex:-1)
2026-02-22 23:16:29,280 [INFO] PluginManage:310 - Check plugin cadmodel
2026-02-22 23:16:29,293 [INFO] CADModel:105 - Init CAD model plugin
2026-02-22 23:16:29,293 [INFO] PluginManage:359 - Loaded plugin cadmodel (category:power,tabindex:5)
2026-02-22 23:16:29,293 [INFO] PluginManage:310 - Check plugin clock
2026-02-22 23:16:29,311 [INFO] PluginManage:359 - Loaded plugin clock (category:base,tabindex:2)
2026-02-22 23:16:29,312 [INFO] PluginManage:310 - Check plugin ddr
2026-02-22 23:16:29,317 [INFO] PluginManage:359 - Loaded plugin ddr (category:tool,tabindex:6)
2026-02-22 23:16:29,317 [INFO] PluginManage:310 - Check plugin filemanager
2026-02-22 23:16:29,526 [INFO] PluginManage:359 - Loaded plugin filemanager (category:base,tabindex:10)
2026-02-22 23:16:29,527 [INFO] PluginManage:310 - Check plugin ipmanager
2026-02-22 23:16:29,536 [INFO] PluginManage:359 - Loaded plugin ipmanager (category:base,tabindex:5)
2026-02-22 23:16:29,537 [INFO] PluginManage:310 - Check plugin lpbam
2026-02-22 23:16:29,547 [INFO] PluginManage:359 - Loaded plugin lpbam (category:base,tabindex:0)
2026-02-22 23:16:29,547 [INFO] PluginManage:310 - Check plugin memorymap
2026-02-22 23:16:29,569 [INFO] PluginManage:359 - Loaded plugin memorymap (category:base,tabindex:4)
2026-02-22 23:16:29,570 [INFO] PluginManage:310 - Check plugin pinoutandconfiguration
2026-02-22 23:16:29,582 [INFO] PluginManage:359 - Loaded plugin pinoutandconfiguration (category:base,tabindex:1)
2026-02-22 23:16:29,583 [INFO] PluginManage:310 - Check plugin pinoutconfig
2026-02-22 23:16:29,716 [WARN] SupportedApi:132 - Cannot load RTOS API schema: s4s-elt-must-match.1: The content of 'definitions' must match (annotation?, (simpleType | complexType)?, (unique | key | keyref)*)). A problem was found starting at: attribute.
2026-02-22 23:16:29,950 [INFO] PluginManage:359 - Loaded plugin pinoutconfig (category:base,tabindex:0)
2026-02-22 23:16:29,950 [INFO] PluginManage:310 - Check plugin power
2026-02-22 23:16:29,968 [INFO] PluginManage:359 - Loaded plugin power (category:power,tabindex:4)
2026-02-22 23:16:29,968 [INFO] PluginManage:310 - Check plugin projectmanager
2026-02-22 23:16:29,989 [INFO] PluginManage:359 - Loaded plugin projectmanager (category:projectmanager,tabindex:4)
2026-02-22 23:16:29,989 [INFO] PluginManage:310 - Check plugin rif
2026-02-22 23:16:30,003 [INFO] PluginManage:359 - Loaded plugin rif (category:base,tabindex:3)
2026-02-22 23:16:30,004 [INFO] PluginManage:310 - Check plugin thirdparty
2026-02-22 23:16:30,248 [INFO] PluginManage:359 - Loaded plugin thirdparty (category:base,tabindex:-1)
2026-02-22 23:16:30,248 [WARN] IntegrityCheckThread:84 - waiting for thirdparty lock release [integrity check]
2026-02-22 23:16:30,249 [INFO] PluginManage:310 - Check plugin tools
2026-02-22 23:16:30,249 [INFO] IntegrityCheckThread:86 - entering critical section [integrity check]
2026-02-22 23:16:30,249 [INFO] ThirdPartyUpdaterWithRetryManager:70 - Updater plugin not ready yet. [1/15]
2026-02-22 23:16:30,253 [INFO] PluginManage:359 - Loaded plugin tools (category:base,tabindex:7)
2026-02-22 23:16:30,254 [INFO] PluginManage:310 - Check plugin tutovideos
2026-02-22 23:16:30,523 [INFO] PluginManage:359 - Loaded plugin tutovideos (category:base,tabindex:-1)
2026-02-22 23:16:30,523 [INFO] PluginManage:310 - Check plugin updater
2026-02-22 23:16:30,559 [INFO] PluginManage:359 - Loaded plugin updater (category:base,tabindex:12)
2026-02-22 23:16:30,559 [INFO] PluginManage:310 - Check plugin userauth
2026-02-22 23:16:30,568 [INFO] UserAuth:118 - Init User Auth plugin
2026-02-22 23:16:30,569 [INFO] PluginManage:359 - Loaded plugin userauth (category:base,tabindex:14)
2026-02-22 23:16:30,570 [INFO] PluginManage:283 - PluginManage : Loaded plugins [18]
2026-02-22 23:16:30,906 [INFO] PinOutPanel:1589 - setPackage(No Configuration,No Configuration)
2026-02-22 23:16:31,041 [INFO] CADModel:165 - CPN selected for project level
2026-02-22 23:16:31,041 [INFO] CADModel:114 - Register for checkConnection events
2026-02-22 23:16:31,070 [INFO] IPUIPlugin:80 - create IPUIPlugin
2026-02-22 23:16:31,071 [INFO] PluginManager:220 - loadIPPluginJar : add adc
2026-02-22 23:16:31,076 [INFO] IPUIPlugin:80 - create IPUIPlugin
2026-02-22 23:16:31,076 [INFO] PluginManager:220 - loadIPPluginJar : add aes
2026-02-22 23:16:31,079 [INFO] IPUIPlugin:80 - create IPUIPlugin
2026-02-22 23:16:31,081 [INFO] PluginManager:220 - loadIPPluginJar : add can
2026-02-22 23:16:31,083 [INFO] IPUIPlugin:80 - create IPUIPlugin
2026-02-22 23:16:31,084 [INFO] PluginManager:220 - loadIPPluginJar : add comp
2026-02-22 23:16:31,087 [INFO] IPUIPlugin:80 - create IPUIPlugin
2026-02-22 23:16:31,087 [INFO] PluginManager:220 - loadIPPluginJar : add cryp
2026-02-22 23:16:31,092 [INFO] IPUIPlugin:80 - create IPUIPlugin
2026-02-22 23:16:31,092 [INFO] PluginManager:220 - loadIPPluginJar : add ddr_ctrl_phy
2026-02-22 23:16:31,097 [INFO] IPUIPlugin:80 - create IPUIPlugin
2026-02-22 23:16:31,097 [INFO] PluginManager:220 - loadIPPluginJar : add dfsdm
2026-02-22 23:16:31,108 [INFO] IPUIPlugin:80 - create IPUIPlugin
2026-02-22 23:16:31,109 [INFO] PluginManager:220 - loadIPPluginJar : add dma
2026-02-22 23:16:31,115 [INFO] IPUIPlugin:80 - create IPUIPlugin
2026-02-22 23:16:31,115 [INFO] PluginManager:220 - loadIPPluginJar : add dma3
2026-02-22 23:16:31,122 [INFO] IPUIPlugin:80 - create IPUIPlugin
2026-02-22 23:16:31,122 [INFO] PluginManager:220 - loadIPPluginJar : add extmemmanager
2026-02-22 23:16:31,125 [INFO] IPUIPlugin:80 - create IPUIPlugin
2026-02-22 23:16:31,125 [INFO] PluginManager:220 - loadIPPluginJar : add fatfs
2026-02-22 23:16:31,132 [INFO] IPUIPlugin:80 - create IPUIPlugin
2026-02-22 23:16:31,132 [INFO] PluginManager:220 - loadIPPluginJar : add fmc
2026-02-22 23:16:31,143 [INFO] IPUIPlugin:80 - create IPUIPlugin
2026-02-22 23:16:31,144 [INFO] PluginManager:220 - loadIPPluginJar : add freertos
2026-02-22 23:16:31,147 [INFO] IPUIPlugin:80 - create IPUIPlugin
2026-02-22 23:16:31,147 [INFO] PluginManager:220 - loadIPPluginJar : add genericplugin
2026-02-22 23:16:31,151 [INFO] IPUIPlugin:80 - create IPUIPlugin
2026-02-22 23:16:31,151 [INFO] PluginManager:220 - loadIPPluginJar : add gfxmmu
2026-02-22 23:16:31,159 [INFO] IPUIPlugin:80 - create IPUIPlugin
2026-02-22 23:16:31,159 [INFO] PluginManager:220 - loadIPPluginJar : add gic
2026-02-22 23:16:31,165 [INFO] IPUIPlugin:80 - create IPUIPlugin
2026-02-22 23:16:31,166 [INFO] PluginManager:220 - loadIPPluginJar : add gpio
2026-02-22 23:16:31,172 [INFO] IPUIPlugin:80 - create IPUIPlugin
2026-02-22 23:16:31,172 [INFO] PluginManager:220 - loadIPPluginJar : add gtzc
2026-02-22 23:16:31,176 [INFO] IPUIPlugin:80 - create IPUIPlugin
2026-02-22 23:16:31,176 [INFO] PluginManager:220 - loadIPPluginJar : add hash
2026-02-22 23:16:31,181 [INFO] IPUIPlugin:80 - create IPUIPlugin
2026-02-22 23:16:31,181 [INFO] PluginManager:220 - loadIPPluginJar : add i2c
2026-02-22 23:16:31,185 [INFO] IPUIPlugin:80 - create IPUIPlugin
2026-02-22 23:16:31,185 [INFO] PluginManager:220 - loadIPPluginJar : add i2s
2026-02-22 23:16:31,189 [INFO] IPUIPlugin:80 - create IPUIPlugin
2026-02-22 23:16:31,189 [INFO] PluginManager:220 - loadIPPluginJar : add i3c
2026-02-22 23:16:31,194 [INFO] IPUIPlugin:80 - create IPUIPlugin
2026-02-22 23:16:31,195 [INFO] PluginManager:220 - loadIPPluginJar : add ipddr
2026-02-22 23:16:31,204 [INFO] IPUIPlugin:80 - create IPUIPlugin
2026-02-22 23:16:31,205 [INFO] PluginManager:220 - loadIPPluginJar : add linkedlist
2026-02-22 23:16:31,210 [INFO] IPUIPlugin:80 - create IPUIPlugin
2026-02-22 23:16:31,210 [INFO] PluginManager:220 - loadIPPluginJar : add lorawan
2026-02-22 23:16:31,214 [INFO] IPUIPlugin:80 - create IPUIPlugin
2026-02-22 23:16:31,214 [INFO] PluginManager:220 - loadIPPluginJar : add ltdc
2026-02-22 23:16:31,220 [INFO] IPUIPlugin:80 - create IPUIPlugin
2026-02-22 23:16:31,220 [INFO] PluginManager:220 - loadIPPluginJar : add mdma
2026-02-22 23:16:31,226 [INFO] IPUIPlugin:80 - create IPUIPlugin
2026-02-22 23:16:31,226 [INFO] PluginManager:220 - loadIPPluginJar : add nvic
2026-02-22 23:16:31,230 [INFO] IPUIPlugin:80 - create IPUIPlugin
2026-02-22 23:16:31,230 [INFO] PluginManager:220 - loadIPPluginJar : add opamp
2026-02-22 23:16:31,234 [INFO] IPUIPlugin:80 - create IPUIPlugin
2026-02-22 23:16:31,235 [INFO] PluginManager:220 - loadIPPluginJar : add openamp
2026-02-22 23:16:31,238 [INFO] IPUIPlugin:80 - create IPUIPlugin
2026-02-22 23:16:31,238 [INFO] PluginManager:220 - loadIPPluginJar : add pdm2pcm
2026-02-22 23:16:31,248 [INFO] IPUIPlugin:80 - create IPUIPlugin
2026-02-22 23:16:31,250 [INFO] PluginManager:220 - loadIPPluginJar : add plateformsettings
2026-02-22 23:16:31,252 [INFO] IPUIPlugin:80 - create IPUIPlugin
2026-02-22 23:16:31,253 [INFO] PluginManager:220 - loadIPPluginJar : add quadspi
2026-02-22 23:16:31,255 [INFO] IPUIPlugin:80 - create IPUIPlugin
2026-02-22 23:16:31,256 [INFO] PluginManager:220 - loadIPPluginJar : add radio
2026-02-22 23:16:31,260 [INFO] IPUIPlugin:80 - create IPUIPlugin
2026-02-22 23:16:31,260 [INFO] PluginManager:220 - loadIPPluginJar : add resmgrutility
2026-02-22 23:16:31,264 [INFO] IPUIPlugin:80 - create IPUIPlugin
2026-02-22 23:16:31,264 [INFO] PluginManager:220 - loadIPPluginJar : add sai
2026-02-22 23:16:31,267 [INFO] IPUIPlugin:80 - create IPUIPlugin
2026-02-22 23:16:31,267 [INFO] PluginManager:220 - loadIPPluginJar : add spi
2026-02-22 23:16:31,278 [INFO] IPUIPlugin:80 - create IPUIPlugin
2026-02-22 23:16:31,278 [INFO] PluginManager:220 - loadIPPluginJar : add stm32_wpan
2026-02-22 23:16:31,280 [INFO] IPUIPlugin:80 - create IPUIPlugin
2026-02-22 23:16:31,280 [INFO] PluginManager:220 - loadIPPluginJar : add tim
2026-02-22 23:16:31,285 [INFO] IPUIPlugin:80 - create IPUIPlugin
2026-02-22 23:16:31,285 [INFO] PluginManager:220 - loadIPPluginJar : add touchsensing
2026-02-22 23:16:31,288 [INFO] IPUIPlugin:80 - create IPUIPlugin
2026-02-22 23:16:31,289 [INFO] PluginManager:220 - loadIPPluginJar : add tracer_emb
2026-02-22 23:16:31,292 [INFO] IPUIPlugin:80 - create IPUIPlugin
2026-02-22 23:16:31,293 [INFO] PluginManager:220 - loadIPPluginJar : add ts
2026-02-22 23:16:31,295 [INFO] IPUIPlugin:80 - create IPUIPlugin
2026-02-22 23:16:31,295 [INFO] PluginManager:220 - loadIPPluginJar : add tsc
2026-02-22 23:16:31,298 [INFO] IPUIPlugin:80 - create IPUIPlugin
2026-02-22 23:16:31,298 [INFO] PluginManager:220 - loadIPPluginJar : add ucpd
2026-02-22 23:16:31,303 [INFO] IPUIPlugin:80 - create IPUIPlugin
2026-02-22 23:16:31,303 [INFO] PluginManager:220 - loadIPPluginJar : add usart
2026-02-22 23:16:31,308 [INFO] IPUIPlugin:80 - create IPUIPlugin
2026-02-22 23:16:31,308 [INFO] PluginManager:220 - loadIPPluginJar : add usbx
2026-02-22 23:16:31,460 [FATAL] Updater:351 - Updater called before beeing initialized
2026-02-22 23:16:31,499 [INFO] RulesReader:64 - Compatibility file has been processed (302 Rules)
2026-02-22 23:16:31,517 [INFO] RulesReader:64 - Compatibility file has been processed (302 Rules)
2026-02-22 23:16:31,543 [INFO] CADModel:165 - CPN selected for project level
2026-02-22 23:16:31,544 [INFO] CADModel:114 - Register for checkConnection events
2026-02-22 23:16:31,544 [FATAL] Updater:351 - Updater called before beeing initialized
2026-02-22 23:16:31,544 [ERROR] CADModel:125 - Updater not yet initialized, retry later 
2026-02-22 23:16:31,846 [FATAL] Updater:351 - Updater called before beeing initialized
2026-02-22 23:16:31,849 [INFO] CADModel:165 - CPN selected for project level
2026-02-22 23:16:31,849 [INFO] CADModel:114 - Register for checkConnection events
2026-02-22 23:16:31,849 [FATAL] Updater:351 - Updater called before beeing initialized
2026-02-22 23:16:31,849 [ERROR] CADModel:125 - Updater not yet initialized, retry later 
2026-02-22 23:16:31,854 [FATAL] Updater:351 - Updater called before beeing initialized
2026-02-22 23:16:32,002 [FATAL] Updater:351 - Updater called before beeing initialized
2026-02-22 23:16:32,007 [INFO] DbMcusAds:53 - JSON generation date=Tue Feb 10 17:46:36 IST 2026 (1770725796257)
2026-02-22 23:16:32,008 [FATAL] Updater:351 - Updater called before beeing initialized
2026-02-22 23:16:32,062 [WARN] DetailPanel:346 - Failed to get advertising image, set to default
2026-02-22 23:16:32,434 [FATAL] Updater:351 - Updater called before beeing initialized
2026-02-22 23:16:32,471 [FATAL] Updater:351 - Updater called before beeing initialized
2026-02-22 23:16:32,471 [FATAL] Updater:351 - Updater called before beeing initialized
2026-02-22 23:16:32,472 [WARN] DetailPanel:346 - Failed to get advertising image, set to default
2026-02-22 23:16:32,473 [FATAL] Updater:351 - Updater called before beeing initialized
2026-02-22 23:16:32,536 [ERROR] Updater:1198 - MainUpdater not yet initialized. External WinMGr cannot be set.
2026-02-22 23:16:32,538 [INFO] Updater:1134 - Updater Version found : 6.14.1
2026-02-22 23:16:32,569 [INFO] ApplicationProperties:184 - Using Application install path: C:\ST\STM32CubeIDE_1.18.1\STM32CubeIDE\plugins\com.st.stm32cube.common.mx_6.14.1.202504091515
2026-02-22 23:16:33,251 [INFO] ThirdPartyUpdaterWithRetryManager:70 - Updater plugin not ready yet. [2/15]
2026-02-22 23:16:34,186 [ERROR] LogOutputStream:75 - [STDERR_REDIRECT] Feb 22, 2026 11:16:34 PM java.util.prefs.WindowsPreferences <init>
2026-02-22 23:16:34,188 [ERROR] LogOutputStream:75 - [STDERR_REDIRECT] WARNING: Could not open/create prefs root node Software\JavaSoft\Prefs at root 0xffffffff80000002. Windows RegCreateKeyEx(...) returned error code 5.
2026-02-22 23:16:34,188 [ERROR] LogOutputStream:75 - [STDERR_REDIRECT] 
2026-02-22 23:16:34,864 [INFO] MainUpdater:2872 - connection check result : 10
2026-02-22 23:16:34,865 [INFO] MainUpdater:3566 - Updater definition file requires update
2026-02-22 23:16:34,866 [INFO] MainUpdater:289 - Updater Check For Update Now.
2026-02-22 23:16:34,866 [INFO] MicroXplorer:498 - Change Database Version : DB.6.0.141
2026-02-22 23:16:34,906 [INFO] McuFinderGlobals:63 - Set McuFinder mode to 2 (CubeIDE integrated)
2026-02-22 23:16:34,907 [INFO] UserAuth:484 - Internet connection configuration mode: 1
2026-02-22 23:16:34,944 [INFO] JxBrowserEngine:152 - Initiate JxBrowser Engine with user profile folder
2026-02-22 23:16:34,953 [INFO] ServerAccessManage:473 - Download File updaters.zip
2026-02-22 23:16:35,127 [INFO] FileExtend:242 - Unzip File : updaters.zip
2026-02-22 23:16:35,127 [INFO] FileExtend:257 - Standard Zip Deflate
2026-02-22 23:16:35,603 [INFO] ServerAccessManage:473 - Download File PacksControlFlags.xml
2026-02-22 23:16:35,702 [INFO] ServerAccessManage:473 - Download File cubemx.pidx
2026-02-22 23:16:35,821 [INFO] LoadServerUpdatesThread:375 - End of LoadServerUpdate Thread
2026-02-22 23:16:36,002 [INFO] CheckServerUpdateThread:120 - End of CheckServer Thread
2026-02-22 23:16:36,638 [WARN] PackLoader:240 - Cannot read IP mode file for STMicroelectronics.FP-SNS-MOTENVWB1.1.4.0
2026-02-22 23:16:36,654 [WARN] PackLoader:240 - Cannot read IP mode file for STMicroelectronics.FP-ATR-ASTRA1.2.0.2
2026-02-22 23:16:36,666 [WARN] PackLoader:240 - Cannot read IP mode file for STMicroelectronics.X-CUBE-SMBUS.2.1.0
2026-02-22 23:16:36,727 [WARN] PackLoader:240 - Cannot read IP mode file for STMicroelectronics.X-CUBE-AZRTOS-F7.1.1.0
2026-02-22 23:16:36,742 [WARN] PackLoader:240 - Cannot read IP mode file for Cesanta.I-CUBE-Mongoose.7.19.0
2026-02-22 23:16:36,751 [ERROR] Engine:466 - C:\Users\MinnuDiary\.stm32cubemx\thirdparties\pdsc\STMicroelectronics.FP-SNS-MOTENV1.5.1.0.pdsc: PDSC version is not supported
2026-02-22 23:16:36,760 [ERROR] Engine:466 - C:\Users\MinnuDiary\.stm32cubemx\thirdparties\pdsc\WES.I-CUBE-Cesium.1.4.0.pdsc: PDSC version is not supported
2026-02-22 23:16:36,801 [WARN] PackLoader:240 - Cannot read IP mode file for Infineon.AIROC-Wi-Fi-Bluetooth-STM32.1.7.1
2026-02-22 23:16:36,837 [WARN] PackLoader:240 - Cannot read IP mode file for STMicroelectronics.X-CUBE-AZRTOS-H7.3.4.0
2026-02-22 23:16:36,865 [WARN] PackLoader:240 - Cannot read IP mode file for STMicroelectronics.X-CUBE-DISPLAY.3.0.0
2026-02-22 23:16:36,875 [ERROR] Engine:466 - C:\Users\MinnuDiary\.stm32cubemx\thirdparties\pdsc\STMicroelectronics.FP-SNS-MOTENVWB1.1.5.0.pdsc: PDSC version is not supported
2026-02-22 23:16:36,889 [WARN] PackLoader:240 - Cannot read IP mode file for STMicroelectronics.X-CUBE-NFC10.1.0.0
2026-02-22 23:16:36,901 [WARN] PackLoader:240 - Cannot read IP mode file for STMicroelectronics.X-CUBE-ST60.1.1.0
2026-02-22 23:16:36,910 [WARN] PackLoader:240 - Cannot read IP mode file for emotas.I-CUBE-CANOPEN.1.3.0
2026-02-22 23:16:36,916 [WARN] PackLoader:240 - Cannot read IP mode file for STMicroelectronics.X-CUBE-GNSS1.7.1.0
2026-02-22 23:16:36,921 [ERROR] Engine:466 - C:\Users\MinnuDiary\.stm32cubemx\thirdparties\pdsc\STMicroelectronics.FP-SNS-STBOX1.2.1.0.pdsc: PDSC version is not supported
2026-02-22 23:16:36,926 [WARN] PackLoader:240 - Cannot read IP mode file for STMicroelectronics.FP-SNS-SMARTAG2.1.2.0
2026-02-22 23:16:36,931 [WARN] PackLoader:240 - Cannot read IP mode file for STMicroelectronics.FP-SNS-FLIGHT1.5.1.0
2026-02-22 23:16:36,941 [INFO] LogOutputStream:77 - [STDOUT_REDIRECT] 1 : Invalid condition id : UX_CORESTACK_Condition cause : null
2026-02-22 23:16:36,943 [INFO] LogOutputStream:77 - [STDOUT_REDIRECT] 1 : Invalid condition id : UX_CORESTACK_Condition cause : null
2026-02-22 23:16:36,945 [INFO] LogOutputStream:77 - [STDOUT_REDIRECT] 1 : Invalid condition id : UX_CORESTACK_Condition cause : null
2026-02-22 23:16:36,946 [INFO] LogOutputStream:77 - [STDOUT_REDIRECT] 1 : Invalid condition id : UX_CORESTACK_Condition cause : null
2026-02-22 23:16:36,947 [INFO] LogOutputStream:77 - [STDOUT_REDIRECT] 1 : Invalid condition id : UX_CORESTACK_Condition cause : null
2026-02-22 23:16:36,950 [WARN] PackLoader:240 - Cannot read IP mode file for STMicroelectronics.X-CUBE-AZRTOS-WL.2.0.0
2026-02-22 23:16:36,967 [WARN] PackLoader:240 - Cannot read IP mode file for STMicroelectronics.X-CUBE-AZRTOS-H7RS.1.2.0
2026-02-22 23:16:36,978 [WARN] PackLoader:240 - Cannot read IP mode file for STMicroelectronics.X-CUBE-BLE2.3.3.0
2026-02-22 23:16:37,010 [WARN] PackLoader:240 - Cannot read IP mode file for STMicroelectronics.X-CUBE-NFC9.1.0.0
2026-02-22 23:16:37,019 [WARN] PackLoader:240 - Cannot read IP mode file for wolfSSL.I-CUBE-wolfSSL.5.8.2
2026-02-22 23:16:37,028 [WARN] PackLoader:240 - Cannot read IP mode file for STMicroelectronics.X-CUBE-BLE1.7.1.0
2026-02-22 23:16:37,035 [WARN] PackLoader:240 - Cannot read IP mode file for wolfSSL.I-CUBE-wolfMQTT.1.19.2
2026-02-22 23:16:37,039 [ERROR] Engine:466 - C:\Users\MinnuDiary\.stm32cubemx\thirdparties\pdsc\STMicroelectronics.X-CUBE-FREERTOS.1.4.0.pdsc: PDSC version is not supported
2026-02-22 23:16:37,048 [WARN] PackLoader:240 - Cannot read IP mode file for STMicroelectronics.X-CUBE-EEPRMA1.5.2.0
2026-02-22 23:16:37,054 [ERROR] Engine:466 - C:\Users\MinnuDiary\.stm32cubemx\thirdparties\pdsc\STMicroelectronics.X-CUBE-ST67W61.1.1.0.pdsc: PDSC version is not supported
2026-02-22 23:16:37,115 [WARN] PackLoader:240 - Cannot read IP mode file for STMicroelectronics.X-CUBE-MEMS1.12.0.0
2026-02-22 23:16:37,243 [WARN] PackLoader:240 - Cannot read IP mode file for STMicroelectronics.X-CUBE-AZRTOS-G0.1.1.0
2026-02-22 23:16:37,253 [WARN] PackLoader:240 - Cannot read IP mode file for STMicroelectronics.X-CUBE-NFC4.3.0.0
2026-02-22 23:16:37,267 [WARN] PackLoader:240 - Cannot read IP mode file for EmbeddedOffice.I-CUBE-FS-RTOS.1.0.1
2026-02-22 23:16:37,275 [WARN] PackLoader:240 - Cannot read IP mode file for STMicroelectronics.X-CUBE-WB05N.2.0.0
2026-02-22 23:16:37,280 [WARN] PackLoader:240 - Cannot read IP mode file for wolfSSL.I-CUBE-wolfTPM.3.8.0
2026-02-22 23:16:37,286 [WARN] PackLoader:240 - Cannot read IP mode file for STMicroelectronics.X-CUBE-TCPP.4.2.0
2026-02-22 23:16:37,295 [WARN] PackLoader:240 - Cannot read IP mode file for RealThread.X-CUBE-RT-Thread_Nano.4.1.1
2026-02-22 23:16:37,300 [WARN] PackLoader:240 - Cannot read IP mode file for STMicroelectronics.FP-ATR-SIGFOX1.3.2.0
2026-02-22 23:16:37,306 [WARN] PackLoader:240 - Cannot read IP mode file for ITTIA_DB.I-CUBE-ITTIADB.8.9.0
2026-02-22 23:16:37,318 [WARN] PackLoader:240 - Cannot read IP mode file for STMicroelectronics.X-CUBE-NFC6.3.2.0
2026-02-22 23:16:37,327 [WARN] PackLoader:240 - Cannot read IP mode file for STMicroelectronics.X-CUBE-AI.10.2.0
2026-02-22 23:16:37,358 [WARN] PackLoader:240 - Cannot read IP mode file for SEGGER.I-CUBE-embOS.1.3.1
2026-02-22 23:16:37,391 [WARN] PackLoader:240 - Cannot read IP mode file for STMicroelectronics.X-CUBE-ALGOBUILD.1.4.0
2026-02-22 23:16:37,425 [WARN] PackLoader:240 - Cannot read IP mode file for STMicroelectronics.X-CUBE-MEMS1.11.3.0
2026-02-22 23:16:37,579 [WARN] PackLoader:240 - Cannot read IP mode file for STMicroelectronics.X-CUBE-PM33A1.1.0.0
2026-02-22 23:16:37,591 [WARN] PackLoader:240 - Cannot read IP mode file for STMicroelectronics.X-CUBE-AZRTOS-F4.1.1.0
2026-02-22 23:16:37,600 [WARN] PackLoader:240 - Cannot read IP mode file for STMicroelectronics.X-CUBE-ISPU.2.1.0
2026-02-22 23:16:37,605 [ERROR] Engine:466 - C:\Users\MinnuDiary\.stm32cubemx\thirdparties\pdsc\STMicroelectronics.X-CUBE-IPS.3.2.0.pdsc: PDSC version is not supported
2026-02-22 23:16:37,612 [WARN] PackLoader:240 - Cannot read IP mode file for STMicroelectronics.X-CUBE-NFC12.1.0.0
2026-02-22 23:16:37,626 [WARN] PackLoader:240 - Cannot read IP mode file for STMicroelectronics.X-CUBE-AZRTOS-L5.2.0.0
2026-02-22 23:16:37,633 [WARN] PackLoader:240 - Cannot read IP mode file for STMicroelectronics.X-CUBE-NFC6.3.1.0
2026-02-22 23:16:37,640 [WARN] PackLoader:240 - Cannot read IP mode file for STMicroelectronics.X-CUBE-FREERTOS.1.3.1
2026-02-22 23:16:37,650 [WARN] PackLoader:240 - Cannot read IP mode file for STMicroelectronics.X-CUBE-TOUCHGFX.4.26.0
2026-02-22 23:16:37,654 [WARN] PackLoader:240 - Cannot read IP mode file for STMicroelectronics.FP-SNS-STAIOTCFT.1.0.0
2026-02-22 23:16:37,660 [WARN] PackLoader:240 - Cannot read IP mode file for STMicroelectronics.X-CUBE-DPower.1.3.0
2026-02-22 23:16:37,674 [WARN] ConditionMgr:438 - getConditionDescription Invalid condition id : LAN8742 Phy interface Condition cause : null
2026-02-22 23:16:37,675 [WARN] PackLoader:240 - Cannot read IP mode file for STMicroelectronics.X-CUBE-AZRTOS-L4.2.0.0
2026-02-22 23:16:37,675 [WARN] ConditionMgr:1044 - genDependencies : Invalid condition id : LAN8742 Phy interface Condition cause : null
2026-02-22 23:16:37,676 [WARN] ConditionMgr:1044 - genDependencies : Invalid condition id : LAN8742 Phy interface Condition cause : null
2026-02-22 23:16:37,676 [WARN] ConditionMgr:1044 - genDependencies : Invalid condition id : LAN8742 Phy interface Condition cause : null
2026-02-22 23:16:37,683 [WARN] PackLoader:240 - Cannot read IP mode file for STMicroelectronics.X-CUBE-SFXS2LP1.4.0.0
2026-02-22 23:16:37,688 [ERROR] Engine:466 - C:\Users\MinnuDiary\.stm32cubemx\thirdparties\pdsc\STMicroelectronics.X-CUBE-ST67W61.1.2.0.pdsc: PDSC version is not supported
2026-02-22 23:16:37,696 [WARN] PackLoader:240 - Cannot read IP mode file for STMicroelectronics.X-CUBE-BLEMGR.4.1.0
2026-02-22 23:16:37,709 [WARN] ConditionMgr:438 - getConditionDescription Invalid condition id : UX DEVICE CLASS RTOS Condition cause : null
2026-02-22 23:16:37,709 [WARN] ConditionMgr:438 - getConditionDescription Invalid condition id : UX DEVICE CLASS RTOS Condition cause : null
2026-02-22 23:16:37,710 [WARN] PackLoader:240 - Cannot read IP mode file for STMicroelectronics.X-CUBE-AZRTOS-WB.2.0.0
2026-02-22 23:16:37,710 [WARN] ConditionMgr:1044 - genDependencies : Invalid condition id : UX DEVICE CLASS RTOS Condition cause : null
2026-02-22 23:16:37,710 [WARN] ConditionMgr:1044 - genDependencies : Invalid condition id : UX DEVICE CLASS RTOS Condition cause : null
2026-02-22 23:16:37,711 [WARN] ConditionMgr:1044 - genDependencies : Invalid condition id : UX DEVICE CLASS RTOS Condition cause : null
2026-02-22 23:16:37,711 [WARN] ConditionMgr:1044 - genDependencies : Invalid condition id : UX DEVICE CLASS RTOS Condition cause : null
2026-02-22 23:16:37,711 [WARN] ConditionMgr:1044 - genDependencies : Invalid condition id : UX DEVICE CLASS RTOS Condition cause : null
2026-02-22 23:16:37,716 [WARN] ConditionMgr:438 - getConditionDescription Invalid condition id : Cortex-A Device cause : null
2026-02-22 23:16:37,727 [WARN] ConditionMgr:1044 - genDependencies : Invalid condition id : Cortex-A Device cause : null
2026-02-22 23:16:37,727 [WARN] ConditionMgr:1044 - genDependencies : Invalid condition id : Cortex-A Device cause : null
2026-02-22 23:16:37,727 [WARN] ConditionMgr:1044 - genDependencies : Invalid condition id : Cortex-A Device cause : null
2026-02-22 23:16:37,735 [WARN] PackLoader:240 - Cannot read IP mode file for STMicroelectronics.X-CUBE-STSE01.2.0.0
2026-02-22 23:16:37,744 [WARN] PackLoader:240 - Cannot read IP mode file for STMicroelectronics.X-CUBE-SUBG2.5.0.0
2026-02-22 23:16:37,764 [WARN] PackLoader:240 - Cannot read IP mode file for STMicroelectronics.X-CUBE-AZRTOS-H7RS.1.1.0
2026-02-22 23:16:37,780 [WARN] PackLoader:240 - Cannot read IP mode file for STMicroelectronics.X-CUBE-AZRTOS-G4.2.0.0
2026-02-22 23:16:37,787 [WARN] PackLoader:240 - Cannot read IP mode file for wolfSSL.I-CUBE-wolfSSH.1.4.20
2026-02-22 23:16:37,804 [WARN] PackLoader:240 - Cannot read IP mode file for STMicroelectronics.X-CUBE-NFC7.2.0.0
2026-02-22 23:16:37,810 [WARN] PackLoader:240 - Cannot read IP mode file for STMicroelectronics.X-CUBE-ALS.1.0.2
2026-02-22 23:16:37,817 [WARN] PackLoader:240 - Cannot read IP mode file for STMicroelectronics.X-CUBE-STSE01.1.0.0
2026-02-22 23:16:37,829 [WARN] PackLoader:240 - Cannot read IP mode file for STMicroelectronics.X-CUBE-TOF1.3.4.3
2026-02-22 23:16:37,840 [INFO] ThirdParty:978 - Integrity check success = true
2026-02-22 23:16:37,840 [INFO] IntegrityCheckThread:100 - exiting critical section [integrity check]
2026-02-22 23:16:37,840 [INFO] IntegrityCheckThread:103 - End integrity checks thread
2026-02-22 23:16:38,039 [INFO] WebApp:169 - Instantiating new browser for Auth
2026-02-22 23:16:39,220 [INFO] WebApp:463 - Apply proxy settings
2026-02-22 23:16:39,221 [INFO] WebApp:548 - Chromium requires no authentication
2026-02-22 23:16:39,235 [INFO] WebApp:491 - Direct internet connection detected
2026-02-22 23:16:39,278 [INFO] WebApp:894 - Register for checkConnection events
2026-02-22 23:16:39,279 [INFO] WebApp:463 - Apply proxy settings
2026-02-22 23:16:39,279 [INFO] WebApp:548 - Chromium requires no authentication
2026-02-22 23:16:39,279 [INFO] WebApp:491 - Direct internet connection detected
2026-02-22 23:16:39,545 [INFO] WebApp:225 - Starting web application
2026-02-22 23:16:39,545 [INFO] WebApp:593 - Web application path used C:\ST\STM32CubeIDE_1.18.1\STM32CubeIDE\plugins\com.st.stm32cube.common.mx_6.14.1.202504091515\db\plugins\mcufinder\reactClient1\index.html
2026-02-22 23:16:39,810 [INFO] UserAuth:484 - Internet connection configuration mode: 1
2026-02-22 23:16:40,077 [INFO] WebApp:191 - Connection restablished
2026-02-22 23:16:47,438 [ERROR] LogOutputStream:75 - [STDERR_REDIRECT] 
2026-02-22 23:17:13,738 [INFO] Activator:176 - 


2026-02-22 23:17:13,741 [INFO] Activator:177 - !SESSION log4j initialized
2026-02-22 23:17:17,434 [INFO] LogOutputStream:77 - [STDOUT_REDIRECT] 
2026-02-22 23:17:19,718 [INFO] ApplicationProperties:184 - Using Application install path: C:\ST\STM32CubeIDE_1.18.1\STM32CubeIDE\plugins\com.st.stm32cube.common.mx_6.14.1.202504091515
2026-02-22 23:17:19,741 [INFO] DbMcusXml:78 - Set database path to: C:\ST\STM32CubeIDE_1.18.1\STM32CubeIDE\plugins\com.st.stm32cube.common.mx_6.14.1.202504091515\\db\/mcu/
2026-02-22 23:17:19,742 [INFO] ApiDb:274 - Set plugin database path to: C:\ST\STM32CubeIDE_1.18.1\STM32CubeIDE\plugins\com.st.stm32cube.common.mx_6.14.1.202504091515\\db\/plugins/boardmanager/
2026-02-22 23:17:19,742 [WARN] ApiDb:259 - Overriding images path with different value:  => C:\ST\STM32CubeIDE_1.18.1\STM32CubeIDE\plugins\com.st.stm32cube.common.mx_6.14.1.202504091515\\db\/plugins/mcufinder/images/
2026-02-22 23:17:19,748 [INFO] ApiDb:250 - Set database path to: C:\Users\MinnuDiary\.stmcufinder\plugins\mcufinder//mcu/
2026-02-22 23:17:19,749 [INFO] DbMcusAds:125 - Set database path to: C:\Users\MinnuDiary\.stmcufinder\plugins\mcufinder//mcu/
2026-02-22 23:17:19,752 [INFO] CrossReferenceDbSqlite:203 - Set database path to: C:\Users\MinnuDiary\.stmcufinder\plugins\mcufinder//mcu/cs/
2026-02-22 23:17:19,894 [INFO] RulesReader:64 - Compatibility file has been processed (302 Rules)
2026-02-22 23:17:20,045 [INFO] DbMcusXml:78 - Set database path to: C:\ST\STM32CubeIDE_1.18.1\STM32CubeIDE\plugins\com.st.stm32cube.common.mx_6.14.1.202504091515\\db\/mcu/
2026-02-22 23:17:20,045 [INFO] ApiDb:274 - Set plugin database path to: C:\ST\STM32CubeIDE_1.18.1\STM32CubeIDE\plugins\com.st.stm32cube.common.mx_6.14.1.202504091515\\db\/plugins/boardmanager/
2026-02-22 23:17:20,045 [INFO] ApiDb:261 - Set plugin images path to: C:\ST\STM32CubeIDE_1.18.1\STM32CubeIDE\plugins\com.st.stm32cube.common.mx_6.14.1.202504091515\\db\/plugins/mcufinder/images/
2026-02-22 23:17:20,046 [WARN] DbFile:41 - Overriding database path with different value: C:\Users\MinnuDiary\.stmcufinder\plugins\mcufinder/ => C:\Users\MinnuDiary\.stmcufinder\plugins\mcufinder
2026-02-22 23:17:20,046 [INFO] ApiDb:250 - Set database path to: C:\Users\MinnuDiary\.stmcufinder\plugins\mcufinder//mcu/
2026-02-22 23:17:20,046 [WARN] DbFile:41 - Overriding database path with different value: C:\Users\MinnuDiary\.stmcufinder\plugins\mcufinder/ => C:\Users\MinnuDiary\.stmcufinder\plugins\mcufinder
2026-02-22 23:17:20,046 [INFO] DbMcusAds:125 - Set database path to: C:\Users\MinnuDiary\.stmcufinder\plugins\mcufinder//mcu/
2026-02-22 23:17:20,046 [WARN] DbFile:41 - Overriding database path with different value: C:\Users\MinnuDiary\.stmcufinder\plugins\mcufinder/ => C:\Users\MinnuDiary\.stmcufinder\plugins\mcufinder
2026-02-22 23:17:20,046 [WARN] DbFile:41 - Overriding database path with different value: C:\Users\MinnuDiary\.stmcufinder\plugins\mcufinder/ => C:\Users\MinnuDiary\.stmcufinder\plugins\mcufinder
2026-02-22 23:17:20,046 [INFO] CrossReferenceDbSqlite:203 - Set database path to: C:\Users\MinnuDiary\.stmcufinder\plugins\mcufinder//mcu/cs/
2026-02-22 23:17:20,141 [INFO] MainPanel:272 - HeapMemory: 268435456
2026-02-22 23:17:20,238 [INFO] DbMcusXml:78 - Set database path to: C:\ST\STM32CubeIDE_1.18.1\STM32CubeIDE\plugins\com.st.stm32cube.common.mx_6.14.1.202504091515\\db\/mcu/
2026-02-22 23:17:20,238 [INFO] ApiDb:274 - Set plugin database path to: C:\ST\STM32CubeIDE_1.18.1\STM32CubeIDE\plugins\com.st.stm32cube.common.mx_6.14.1.202504091515\\db\/plugins/boardmanager/
2026-02-22 23:17:20,239 [INFO] ApiDb:261 - Set plugin images path to: C:\ST\STM32CubeIDE_1.18.1\STM32CubeIDE\plugins\com.st.stm32cube.common.mx_6.14.1.202504091515\\db\/plugins/mcufinder/images/
2026-02-22 23:17:20,239 [WARN] DbFile:41 - Overriding database path with different value: C:\Users\MinnuDiary\.stmcufinder\plugins\mcufinder/ => C:\Users\MinnuDiary\.stmcufinder\plugins\mcufinder
2026-02-22 23:17:20,239 [INFO] ApiDb:250 - Set database path to: C:\Users\MinnuDiary\.stmcufinder\plugins\mcufinder//mcu/
2026-02-22 23:17:20,239 [WARN] DbFile:41 - Overriding database path with different value: C:\Users\MinnuDiary\.stmcufinder\plugins\mcufinder/ => C:\Users\MinnuDiary\.stmcufinder\plugins\mcufinder
2026-02-22 23:17:20,239 [INFO] DbMcusAds:125 - Set database path to: C:\Users\MinnuDiary\.stmcufinder\plugins\mcufinder//mcu/
2026-02-22 23:17:20,239 [WARN] DbFile:41 - Overriding database path with different value: C:\Users\MinnuDiary\.stmcufinder\plugins\mcufinder/ => C:\Users\MinnuDiary\.stmcufinder\plugins\mcufinder
2026-02-22 23:17:20,239 [WARN] DbFile:41 - Overriding database path with different value: C:\Users\MinnuDiary\.stmcufinder\plugins\mcufinder/ => C:\Users\MinnuDiary\.stmcufinder\plugins\mcufinder
2026-02-22 23:17:20,240 [INFO] CrossReferenceDbSqlite:203 - Set database path to: C:\Users\MinnuDiary\.stmcufinder\plugins\mcufinder//mcu/cs/
2026-02-22 23:17:20,294 [INFO] ApplicationProperties:184 - Using Application install path: C:\ST\STM32CubeIDE_1.18.1\STM32CubeIDE\plugins\com.st.stm32cube.common.mx_6.14.1.202504091515
2026-02-22 23:17:20,295 [INFO] PluginManage:196 - Search for loadable plugins [exclusion list=, ]
2026-02-22 23:17:20,297 [INFO] PluginManage:310 - Check plugin analytics
2026-02-22 23:17:20,591 [INFO] AnalyticsPlugin:253 - Accepted Software Licenses: 
2026-02-22 23:17:20,591 [INFO] AnalyticsPlugin:255 - Accepted CMSIS Pack Licenses: 
2026-02-22 23:17:20,591 [INFO] AnalyticsPlugin:257 - Accepted Firmware Licenses: FW.F4.1.28.0
2026-02-22 23:17:20,598 [INFO] PluginManage:359 - Loaded plugin analytics (category:tool,tabindex:-1)
2026-02-22 23:17:20,598 [INFO] PluginManage:310 - Check plugin cadmodel
2026-02-22 23:17:20,605 [INFO] CADModel:105 - Init CAD model plugin
2026-02-22 23:17:20,606 [INFO] PluginManage:359 - Loaded plugin cadmodel (category:power,tabindex:5)
2026-02-22 23:17:20,606 [INFO] PluginManage:310 - Check plugin clock
2026-02-22 23:17:20,620 [INFO] PluginManage:359 - Loaded plugin clock (category:base,tabindex:2)
2026-02-22 23:17:20,620 [INFO] PluginManage:310 - Check plugin ddr
2026-02-22 23:17:20,624 [INFO] PluginManage:359 - Loaded plugin ddr (category:tool,tabindex:6)
2026-02-22 23:17:20,625 [INFO] PluginManage:310 - Check plugin filemanager
2026-02-22 23:17:20,822 [INFO] PluginManage:359 - Loaded plugin filemanager (category:base,tabindex:10)
2026-02-22 23:17:20,823 [INFO] PluginManage:310 - Check plugin ipmanager
2026-02-22 23:17:20,832 [INFO] PluginManage:359 - Loaded plugin ipmanager (category:base,tabindex:5)
2026-02-22 23:17:20,832 [INFO] PluginManage:310 - Check plugin lpbam
2026-02-22 23:17:20,841 [INFO] PluginManage:359 - Loaded plugin lpbam (category:base,tabindex:0)
2026-02-22 23:17:20,842 [INFO] PluginManage:310 - Check plugin memorymap
2026-02-22 23:17:20,853 [INFO] PluginManage:359 - Loaded plugin memorymap (category:base,tabindex:4)
2026-02-22 23:17:20,853 [INFO] PluginManage:310 - Check plugin pinoutandconfiguration
2026-02-22 23:17:20,860 [INFO] PluginManage:359 - Loaded plugin pinoutandconfiguration (category:base,tabindex:1)
2026-02-22 23:17:20,861 [INFO] PluginManage:310 - Check plugin pinoutconfig
2026-02-22 23:17:21,012 [WARN] SupportedApi:132 - Cannot load RTOS API schema: s4s-elt-must-match.1: The content of 'definitions' must match (annotation?, (simpleType | complexType)?, (unique | key | keyref)*)). A problem was found starting at: attribute.
2026-02-22 23:17:21,167 [INFO] PluginManage:359 - Loaded plugin pinoutconfig (category:base,tabindex:0)
2026-02-22 23:17:21,167 [INFO] PluginManage:310 - Check plugin power
2026-02-22 23:17:21,176 [INFO] PluginManage:359 - Loaded plugin power (category:power,tabindex:4)
2026-02-22 23:17:21,176 [INFO] PluginManage:310 - Check plugin projectmanager
2026-02-22 23:17:21,196 [INFO] PluginManage:359 - Loaded plugin projectmanager (category:projectmanager,tabindex:4)
2026-02-22 23:17:21,197 [INFO] PluginManage:310 - Check plugin rif
2026-02-22 23:17:21,205 [INFO] PluginManage:359 - Loaded plugin rif (category:base,tabindex:3)
2026-02-22 23:17:21,205 [INFO] PluginManage:310 - Check plugin thirdparty
2026-02-22 23:17:21,370 [INFO] PluginManage:359 - Loaded plugin thirdparty (category:base,tabindex:-1)
2026-02-22 23:17:21,370 [INFO] PluginManage:310 - Check plugin tools
2026-02-22 23:17:21,370 [WARN] IntegrityCheckThread:84 - waiting for thirdparty lock release [integrity check]
2026-02-22 23:17:21,371 [INFO] IntegrityCheckThread:86 - entering critical section [integrity check]
2026-02-22 23:17:21,371 [INFO] ThirdPartyUpdaterWithRetryManager:70 - Updater plugin not ready yet. [1/15]
2026-02-22 23:17:21,373 [INFO] PluginManage:359 - Loaded plugin tools (category:base,tabindex:7)
2026-02-22 23:17:21,373 [INFO] PluginManage:310 - Check plugin tutovideos
2026-02-22 23:17:21,534 [INFO] PluginManage:359 - Loaded plugin tutovideos (category:base,tabindex:-1)
2026-02-22 23:17:21,534 [INFO] PluginManage:310 - Check plugin updater
2026-02-22 23:17:21,561 [INFO] PluginManage:359 - Loaded plugin updater (category:base,tabindex:12)
2026-02-22 23:17:21,562 [INFO] PluginManage:310 - Check plugin userauth
2026-02-22 23:17:21,565 [INFO] UserAuth:118 - Init User Auth plugin
2026-02-22 23:17:21,566 [INFO] PluginManage:359 - Loaded plugin userauth (category:base,tabindex:14)
2026-02-22 23:17:21,566 [INFO] PluginManage:283 - PluginManage : Loaded plugins [18]
2026-02-22 23:17:21,892 [INFO] PinOutPanel:1589 - setPackage(No Configuration,No Configuration)
2026-02-22 23:17:22,004 [INFO] CADModel:165 - CPN selected for project level
2026-02-22 23:17:22,005 [INFO] CADModel:114 - Register for checkConnection events
2026-02-22 23:17:22,027 [INFO] IPUIPlugin:80 - create IPUIPlugin
2026-02-22 23:17:22,028 [INFO] PluginManager:220 - loadIPPluginJar : add adc
2026-02-22 23:17:22,041 [INFO] IPUIPlugin:80 - create IPUIPlugin
2026-02-22 23:17:22,042 [INFO] PluginManager:220 - loadIPPluginJar : add aes
2026-02-22 23:17:22,045 [INFO] IPUIPlugin:80 - create IPUIPlugin
2026-02-22 23:17:22,046 [INFO] PluginManager:220 - loadIPPluginJar : add can
2026-02-22 23:17:22,048 [INFO] IPUIPlugin:80 - create IPUIPlugin
2026-02-22 23:17:22,048 [INFO] PluginManager:220 - loadIPPluginJar : add comp
2026-02-22 23:17:22,051 [INFO] IPUIPlugin:80 - create IPUIPlugin
2026-02-22 23:17:22,051 [INFO] PluginManager:220 - loadIPPluginJar : add cryp
2026-02-22 23:17:22,054 [INFO] IPUIPlugin:80 - create IPUIPlugin
2026-02-22 23:17:22,055 [INFO] PluginManager:220 - loadIPPluginJar : add ddr_ctrl_phy
2026-02-22 23:17:22,058 [INFO] IPUIPlugin:80 - create IPUIPlugin
2026-02-22 23:17:22,058 [INFO] PluginManager:220 - loadIPPluginJar : add dfsdm
2026-02-22 23:17:22,064 [INFO] IPUIPlugin:80 - create IPUIPlugin
2026-02-22 23:17:22,066 [INFO] PluginManager:220 - loadIPPluginJar : add dma
2026-02-22 23:17:22,069 [INFO] IPUIPlugin:80 - create IPUIPlugin
2026-02-22 23:17:22,069 [INFO] PluginManager:220 - loadIPPluginJar : add dma3
2026-02-22 23:17:22,072 [INFO] IPUIPlugin:80 - create IPUIPlugin
2026-02-22 23:17:22,072 [INFO] PluginManager:220 - loadIPPluginJar : add extmemmanager
2026-02-22 23:17:22,075 [INFO] IPUIPlugin:80 - create IPUIPlugin
2026-02-22 23:17:22,075 [INFO] PluginManager:220 - loadIPPluginJar : add fatfs
2026-02-22 23:17:22,082 [INFO] IPUIPlugin:80 - create IPUIPlugin
2026-02-22 23:17:22,082 [INFO] PluginManager:220 - loadIPPluginJar : add fmc
2026-02-22 23:17:22,092 [INFO] IPUIPlugin:80 - create IPUIPlugin
2026-02-22 23:17:22,093 [INFO] PluginManager:220 - loadIPPluginJar : add freertos
2026-02-22 23:17:22,096 [INFO] IPUIPlugin:80 - create IPUIPlugin
2026-02-22 23:17:22,096 [INFO] PluginManager:220 - loadIPPluginJar : add genericplugin
2026-02-22 23:17:22,100 [INFO] IPUIPlugin:80 - create IPUIPlugin
2026-02-22 23:17:22,100 [INFO] PluginManager:220 - loadIPPluginJar : add gfxmmu
2026-02-22 23:17:22,107 [INFO] IPUIPlugin:80 - create IPUIPlugin
2026-02-22 23:17:22,107 [INFO] PluginManager:220 - loadIPPluginJar : add gic
2026-02-22 23:17:22,113 [INFO] IPUIPlugin:80 - create IPUIPlugin
2026-02-22 23:17:22,113 [INFO] PluginManager:220 - loadIPPluginJar : add gpio
2026-02-22 23:17:22,118 [INFO] IPUIPlugin:80 - create IPUIPlugin
2026-02-22 23:17:22,118 [INFO] PluginManager:220 - loadIPPluginJar : add gtzc
2026-02-22 23:17:22,121 [INFO] IPUIPlugin:80 - create IPUIPlugin
2026-02-22 23:17:22,121 [INFO] PluginManager:220 - loadIPPluginJar : add hash
2026-02-22 23:17:22,124 [INFO] IPUIPlugin:80 - create IPUIPlugin
2026-02-22 23:17:22,124 [INFO] PluginManager:220 - loadIPPluginJar : add i2c
2026-02-22 23:17:22,128 [INFO] IPUIPlugin:80 - create IPUIPlugin
2026-02-22 23:17:22,129 [INFO] PluginManager:220 - loadIPPluginJar : add i2s
2026-02-22 23:17:22,134 [INFO] IPUIPlugin:80 - create IPUIPlugin
2026-02-22 23:17:22,134 [INFO] PluginManager:220 - loadIPPluginJar : add i3c
2026-02-22 23:17:22,139 [INFO] IPUIPlugin:80 - create IPUIPlugin
2026-02-22 23:17:22,139 [INFO] PluginManager:220 - loadIPPluginJar : add ipddr
2026-02-22 23:17:22,146 [INFO] IPUIPlugin:80 - create IPUIPlugin
2026-02-22 23:17:22,146 [INFO] PluginManager:220 - loadIPPluginJar : add linkedlist
2026-02-22 23:17:22,151 [INFO] IPUIPlugin:80 - create IPUIPlugin
2026-02-22 23:17:22,151 [INFO] PluginManager:220 - loadIPPluginJar : add lorawan
2026-02-22 23:17:22,152 [INFO] IPUIPlugin:80 - create IPUIPlugin
2026-02-22 23:17:22,152 [INFO] PluginManager:220 - loadIPPluginJar : add ltdc
2026-02-22 23:17:22,158 [INFO] IPUIPlugin:80 - create IPUIPlugin
2026-02-22 23:17:22,158 [INFO] PluginManager:220 - loadIPPluginJar : add mdma
2026-02-22 23:17:22,162 [INFO] IPUIPlugin:80 - create IPUIPlugin
2026-02-22 23:17:22,162 [INFO] PluginManager:220 - loadIPPluginJar : add nvic
2026-02-22 23:17:22,165 [INFO] IPUIPlugin:80 - create IPUIPlugin
2026-02-22 23:17:22,165 [INFO] PluginManager:220 - loadIPPluginJar : add opamp
2026-02-22 23:17:22,168 [INFO] IPUIPlugin:80 - create IPUIPlugin
2026-02-22 23:17:22,169 [INFO] PluginManager:220 - loadIPPluginJar : add openamp
2026-02-22 23:17:22,172 [INFO] IPUIPlugin:80 - create IPUIPlugin
2026-02-22 23:17:22,172 [INFO] PluginManager:220 - loadIPPluginJar : add pdm2pcm
2026-02-22 23:17:22,178 [INFO] IPUIPlugin:80 - create IPUIPlugin
2026-02-22 23:17:22,181 [INFO] PluginManager:220 - loadIPPluginJar : add plateformsettings
2026-02-22 23:17:22,183 [INFO] IPUIPlugin:80 - create IPUIPlugin
2026-02-22 23:17:22,183 [INFO] PluginManager:220 - loadIPPluginJar : add quadspi
2026-02-22 23:17:22,185 [INFO] IPUIPlugin:80 - create IPUIPlugin
2026-02-22 23:17:22,185 [INFO] PluginManager:220 - loadIPPluginJar : add radio
2026-02-22 23:17:22,188 [INFO] IPUIPlugin:80 - create IPUIPlugin
2026-02-22 23:17:22,188 [INFO] PluginManager:220 - loadIPPluginJar : add resmgrutility
2026-02-22 23:17:22,191 [INFO] IPUIPlugin:80 - create IPUIPlugin
2026-02-22 23:17:22,192 [INFO] PluginManager:220 - loadIPPluginJar : add sai
2026-02-22 23:17:22,194 [INFO] IPUIPlugin:80 - create IPUIPlugin
2026-02-22 23:17:22,194 [INFO] PluginManager:220 - loadIPPluginJar : add spi
2026-02-22 23:17:22,200 [INFO] IPUIPlugin:80 - create IPUIPlugin
2026-02-22 23:17:22,201 [INFO] PluginManager:220 - loadIPPluginJar : add stm32_wpan
2026-02-22 23:17:22,203 [INFO] IPUIPlugin:80 - create IPUIPlugin
2026-02-22 23:17:22,203 [INFO] PluginManager:220 - loadIPPluginJar : add tim
2026-02-22 23:17:22,206 [INFO] IPUIPlugin:80 - create IPUIPlugin
2026-02-22 23:17:22,207 [INFO] PluginManager:220 - loadIPPluginJar : add touchsensing
2026-02-22 23:17:22,209 [INFO] IPUIPlugin:80 - create IPUIPlugin
2026-02-22 23:17:22,209 [INFO] PluginManager:220 - loadIPPluginJar : add tracer_emb
2026-02-22 23:17:22,212 [INFO] IPUIPlugin:80 - create IPUIPlugin
2026-02-22 23:17:22,212 [INFO] PluginManager:220 - loadIPPluginJar : add ts
2026-02-22 23:17:22,214 [INFO] IPUIPlugin:80 - create IPUIPlugin
2026-02-22 23:17:22,214 [INFO] PluginManager:220 - loadIPPluginJar : add tsc
2026-02-22 23:17:22,217 [INFO] IPUIPlugin:80 - create IPUIPlugin
2026-02-22 23:17:22,217 [INFO] PluginManager:220 - loadIPPluginJar : add ucpd
2026-02-22 23:17:22,220 [INFO] IPUIPlugin:80 - create IPUIPlugin
2026-02-22 23:17:22,220 [INFO] PluginManager:220 - loadIPPluginJar : add usart
2026-02-22 23:17:22,224 [INFO] IPUIPlugin:80 - create IPUIPlugin
2026-02-22 23:17:22,225 [INFO] PluginManager:220 - loadIPPluginJar : add usbx
2026-02-22 23:17:22,412 [FATAL] Updater:351 - Updater called before beeing initialized
2026-02-22 23:17:22,485 [INFO] RulesReader:64 - Compatibility file has been processed (302 Rules)
2026-02-22 23:17:22,505 [INFO] RulesReader:64 - Compatibility file has been processed (302 Rules)
2026-02-22 23:17:22,524 [INFO] CADModel:165 - CPN selected for project level
2026-02-22 23:17:22,524 [INFO] CADModel:114 - Register for checkConnection events
2026-02-22 23:17:22,524 [FATAL] Updater:351 - Updater called before beeing initialized
2026-02-22 23:17:22,525 [ERROR] CADModel:125 - Updater not yet initialized, retry later 
2026-02-22 23:17:22,776 [FATAL] Updater:351 - Updater called before beeing initialized
2026-02-22 23:17:22,778 [INFO] CADModel:165 - CPN selected for project level
2026-02-22 23:17:22,778 [INFO] CADModel:114 - Register for checkConnection events
2026-02-22 23:17:22,778 [FATAL] Updater:351 - Updater called before beeing initialized
2026-02-22 23:17:22,779 [ERROR] CADModel:125 - Updater not yet initialized, retry later 
2026-02-22 23:17:22,782 [FATAL] Updater:351 - Updater called before beeing initialized
2026-02-22 23:17:22,973 [FATAL] Updater:351 - Updater called before beeing initialized
2026-02-22 23:17:22,979 [INFO] DbMcusAds:53 - JSON generation date=Tue Feb 10 17:46:36 IST 2026 (1770725796257)
2026-02-22 23:17:22,979 [FATAL] Updater:351 - Updater called before beeing initialized
2026-02-22 23:17:23,024 [WARN] DetailPanel:346 - Failed to get advertising image, set to default
2026-02-22 23:17:23,473 [FATAL] Updater:351 - Updater called before beeing initialized
2026-02-22 23:17:23,476 [FATAL] Updater:351 - Updater called before beeing initialized
2026-02-22 23:17:23,476 [FATAL] Updater:351 - Updater called before beeing initialized
2026-02-22 23:17:23,476 [WARN] DetailPanel:346 - Failed to get advertising image, set to default
2026-02-22 23:17:23,477 [FATAL] Updater:351 - Updater called before beeing initialized
2026-02-22 23:17:23,587 [ERROR] Updater:1198 - MainUpdater not yet initialized. External WinMGr cannot be set.
2026-02-22 23:17:23,590 [INFO] Updater:1134 - Updater Version found : 6.14.1
2026-02-22 23:17:23,611 [INFO] ApplicationProperties:184 - Using Application install path: C:\ST\STM32CubeIDE_1.18.1\STM32CubeIDE\plugins\com.st.stm32cube.common.mx_6.14.1.202504091515
2026-02-22 23:17:24,372 [INFO] ThirdPartyUpdaterWithRetryManager:70 - Updater plugin not ready yet. [2/15]
2026-02-22 23:17:25,193 [ERROR] LogOutputStream:75 - [STDERR_REDIRECT] Feb 22, 2026 11:17:25 PM java.util.prefs.WindowsPreferences <init>
2026-02-22 23:17:25,195 [ERROR] LogOutputStream:75 - [STDERR_REDIRECT] WARNING: Could not open/create prefs root node Software\JavaSoft\Prefs at root 0xffffffff80000002. Windows RegCreateKeyEx(...) returned error code 5.
2026-02-22 23:17:25,195 [ERROR] LogOutputStream:75 - [STDERR_REDIRECT] 
2026-02-22 23:17:25,919 [INFO] MainUpdater:2872 - connection check result : 10
2026-02-22 23:17:25,920 [INFO] MainUpdater:289 - Updater Check For Update Now.
2026-02-22 23:17:25,920 [INFO] MicroXplorer:498 - Change Database Version : DB.6.0.141
2026-02-22 23:17:25,928 [INFO] McuFinderGlobals:63 - Set McuFinder mode to 2 (CubeIDE integrated)
2026-02-22 23:17:25,933 [INFO] UserAuth:484 - Internet connection configuration mode: 1
2026-02-22 23:17:25,988 [INFO] JxBrowserEngine:152 - Initiate JxBrowser Engine with user profile folder
2026-02-22 23:17:26,165 [INFO] CheckServerUpdateThread:120 - End of CheckServer Thread
2026-02-22 23:17:26,946 [INFO] WebApp:169 - Instantiating new browser for Auth
2026-02-22 23:17:27,651 [WARN] PackLoader:240 - Cannot read IP mode file for STMicroelectronics.FP-SNS-MOTENVWB1.1.4.0
2026-02-22 23:17:27,666 [WARN] PackLoader:240 - Cannot read IP mode file for STMicroelectronics.FP-ATR-ASTRA1.2.0.2
2026-02-22 23:17:27,685 [WARN] PackLoader:240 - Cannot read IP mode file for STMicroelectronics.X-CUBE-SMBUS.2.1.0
2026-02-22 23:17:27,732 [WARN] PackLoader:240 - Cannot read IP mode file for STMicroelectronics.X-CUBE-AZRTOS-F7.1.1.0
2026-02-22 23:17:27,743 [WARN] PackLoader:240 - Cannot read IP mode file for Cesanta.I-CUBE-Mongoose.7.19.0
2026-02-22 23:17:27,748 [ERROR] Engine:466 - C:\Users\MinnuDiary\.stm32cubemx\thirdparties\pdsc\STMicroelectronics.FP-SNS-MOTENV1.5.1.0.pdsc: PDSC version is not supported
2026-02-22 23:17:27,755 [ERROR] Engine:466 - C:\Users\MinnuDiary\.stm32cubemx\thirdparties\pdsc\WES.I-CUBE-Cesium.1.4.0.pdsc: PDSC version is not supported
2026-02-22 23:17:27,790 [WARN] PackLoader:240 - Cannot read IP mode file for Infineon.AIROC-Wi-Fi-Bluetooth-STM32.1.7.1
2026-02-22 23:17:27,817 [INFO] WebApp:463 - Apply proxy settings
2026-02-22 23:17:27,817 [INFO] WebApp:548 - Chromium requires no authentication
2026-02-22 23:17:27,818 [WARN] PackLoader:240 - Cannot read IP mode file for STMicroelectronics.X-CUBE-AZRTOS-H7.3.4.0
2026-02-22 23:17:27,831 [WARN] PackLoader:240 - Cannot read IP mode file for STMicroelectronics.X-CUBE-DISPLAY.3.0.0
2026-02-22 23:17:27,839 [ERROR] Engine:466 - C:\Users\MinnuDiary\.stm32cubemx\thirdparties\pdsc\STMicroelectronics.FP-SNS-MOTENVWB1.1.5.0.pdsc: PDSC version is not supported
2026-02-22 23:17:27,857 [WARN] PackLoader:240 - Cannot read IP mode file for STMicroelectronics.X-CUBE-NFC10.1.0.0
2026-02-22 23:17:27,865 [WARN] PackLoader:240 - Cannot read IP mode file for STMicroelectronics.X-CUBE-ST60.1.1.0
2026-02-22 23:17:27,871 [WARN] PackLoader:240 - Cannot read IP mode file for emotas.I-CUBE-CANOPEN.1.3.0
2026-02-22 23:17:27,877 [WARN] PackLoader:240 - Cannot read IP mode file for STMicroelectronics.X-CUBE-GNSS1.7.1.0
2026-02-22 23:17:27,892 [INFO] WebApp:491 - Direct internet connection detected
2026-02-22 23:17:27,912 [ERROR] Engine:466 - C:\Users\MinnuDiary\.stm32cubemx\thirdparties\pdsc\STMicroelectronics.FP-SNS-STBOX1.2.1.0.pdsc: PDSC version is not supported
2026-02-22 23:17:27,918 [WARN] PackLoader:240 - Cannot read IP mode file for STMicroelectronics.FP-SNS-SMARTAG2.1.2.0
2026-02-22 23:17:27,923 [WARN] PackLoader:240 - Cannot read IP mode file for STMicroelectronics.FP-SNS-FLIGHT1.5.1.0
2026-02-22 23:17:27,934 [INFO] LogOutputStream:77 - [STDOUT_REDIRECT] 1 : Invalid condition id : UX_CORESTACK_Condition cause : null
2026-02-22 23:17:27,935 [INFO] LogOutputStream:77 - [STDOUT_REDIRECT] 1 : Invalid condition id : UX_CORESTACK_Condition cause : null
2026-02-22 23:17:27,937 [INFO] LogOutputStream:77 - [STDOUT_REDIRECT] 1 : Invalid condition id : UX_CORESTACK_Condition cause : null
2026-02-22 23:17:27,939 [INFO] LogOutputStream:77 - [STDOUT_REDIRECT] 1 : Invalid condition id : UX_CORESTACK_Condition cause : null
2026-02-22 23:17:27,940 [INFO] LogOutputStream:77 - [STDOUT_REDIRECT] 1 : Invalid condition id : UX_CORESTACK_Condition cause : null
2026-02-22 23:17:27,943 [WARN] PackLoader:240 - Cannot read IP mode file for STMicroelectronics.X-CUBE-AZRTOS-WL.2.0.0
2026-02-22 23:17:27,960 [WARN] PackLoader:240 - Cannot read IP mode file for STMicroelectronics.X-CUBE-AZRTOS-H7RS.1.2.0
2026-02-22 23:17:27,970 [WARN] PackLoader:240 - Cannot read IP mode file for STMicroelectronics.X-CUBE-BLE2.3.3.0
2026-02-22 23:17:28,028 [WARN] PackLoader:240 - Cannot read IP mode file for STMicroelectronics.X-CUBE-NFC9.1.0.0
2026-02-22 23:17:28,034 [WARN] PackLoader:240 - Cannot read IP mode file for wolfSSL.I-CUBE-wolfSSL.5.8.2
2026-02-22 23:17:28,040 [WARN] PackLoader:240 - Cannot read IP mode file for STMicroelectronics.X-CUBE-BLE1.7.1.0
2026-02-22 23:17:28,045 [WARN] PackLoader:240 - Cannot read IP mode file for wolfSSL.I-CUBE-wolfMQTT.1.19.2
2026-02-22 23:17:28,047 [ERROR] Engine:466 - C:\Users\MinnuDiary\.stm32cubemx\thirdparties\pdsc\STMicroelectronics.X-CUBE-FREERTOS.1.4.0.pdsc: PDSC version is not supported
2026-02-22 23:17:28,062 [WARN] PackLoader:240 - Cannot read IP mode file for STMicroelectronics.X-CUBE-EEPRMA1.5.2.0
2026-02-22 23:17:28,066 [ERROR] Engine:466 - C:\Users\MinnuDiary\.stm32cubemx\thirdparties\pdsc\STMicroelectronics.X-CUBE-ST67W61.1.1.0.pdsc: PDSC version is not supported
2026-02-22 23:17:28,098 [WARN] PackLoader:240 - Cannot read IP mode file for STMicroelectronics.X-CUBE-MEMS1.12.0.0
2026-02-22 23:17:28,099 [INFO] WebApp:894 - Register for checkConnection events
2026-02-22 23:17:28,099 [INFO] WebApp:463 - Apply proxy settings
2026-02-22 23:17:28,099 [INFO] WebApp:548 - Chromium requires no authentication
2026-02-22 23:17:28,100 [INFO] WebApp:491 - Direct internet connection detected
2026-02-22 23:17:28,181 [WARN] PackLoader:240 - Cannot read IP mode file for STMicroelectronics.X-CUBE-AZRTOS-G0.1.1.0
2026-02-22 23:17:28,188 [WARN] PackLoader:240 - Cannot read IP mode file for STMicroelectronics.X-CUBE-NFC4.3.0.0
2026-02-22 23:17:28,196 [WARN] PackLoader:240 - Cannot read IP mode file for EmbeddedOffice.I-CUBE-FS-RTOS.1.0.1
2026-02-22 23:17:28,201 [WARN] PackLoader:240 - Cannot read IP mode file for STMicroelectronics.X-CUBE-WB05N.2.0.0
2026-02-22 23:17:28,206 [WARN] PackLoader:240 - Cannot read IP mode file for wolfSSL.I-CUBE-wolfTPM.3.8.0
2026-02-22 23:17:28,211 [WARN] PackLoader:240 - Cannot read IP mode file for STMicroelectronics.X-CUBE-TCPP.4.2.0
2026-02-22 23:17:28,217 [WARN] PackLoader:240 - Cannot read IP mode file for RealThread.X-CUBE-RT-Thread_Nano.4.1.1
2026-02-22 23:17:28,223 [WARN] PackLoader:240 - Cannot read IP mode file for STMicroelectronics.FP-ATR-SIGFOX1.3.2.0
2026-02-22 23:17:28,230 [WARN] PackLoader:240 - Cannot read IP mode file for ITTIA_DB.I-CUBE-ITTIADB.8.9.0
2026-02-22 23:17:28,236 [WARN] PackLoader:240 - Cannot read IP mode file for STMicroelectronics.X-CUBE-NFC6.3.2.0
2026-02-22 23:17:28,243 [WARN] PackLoader:240 - Cannot read IP mode file for STMicroelectronics.X-CUBE-AI.10.2.0
2026-02-22 23:17:28,267 [WARN] PackLoader:240 - Cannot read IP mode file for SEGGER.I-CUBE-embOS.1.3.1
2026-02-22 23:17:28,319 [WARN] PackLoader:240 - Cannot read IP mode file for STMicroelectronics.X-CUBE-ALGOBUILD.1.4.0
2026-02-22 23:17:28,415 [WARN] PackLoader:240 - Cannot read IP mode file for STMicroelectronics.X-CUBE-MEMS1.11.3.0
2026-02-22 23:17:28,455 [INFO] WebApp:191 - Connection restablished
2026-02-22 23:17:28,550 [WARN] PackLoader:240 - Cannot read IP mode file for STMicroelectronics.X-CUBE-PM33A1.1.0.0
2026-02-22 23:17:28,563 [WARN] PackLoader:240 - Cannot read IP mode file for STMicroelectronics.X-CUBE-AZRTOS-F4.1.1.0
2026-02-22 23:17:28,575 [WARN] PackLoader:240 - Cannot read IP mode file for STMicroelectronics.X-CUBE-ISPU.2.1.0
2026-02-22 23:17:28,579 [ERROR] Engine:466 - C:\Users\MinnuDiary\.stm32cubemx\thirdparties\pdsc\STMicroelectronics.X-CUBE-IPS.3.2.0.pdsc: PDSC version is not supported
2026-02-22 23:17:28,586 [WARN] PackLoader:240 - Cannot read IP mode file for STMicroelectronics.X-CUBE-NFC12.1.0.0
2026-02-22 23:17:28,601 [WARN] PackLoader:240 - Cannot read IP mode file for STMicroelectronics.X-CUBE-AZRTOS-L5.2.0.0
2026-02-22 23:17:28,610 [WARN] PackLoader:240 - Cannot read IP mode file for STMicroelectronics.X-CUBE-NFC6.3.1.0
2026-02-22 23:17:28,618 [WARN] PackLoader:240 - Cannot read IP mode file for STMicroelectronics.X-CUBE-FREERTOS.1.3.1
2026-02-22 23:17:28,627 [WARN] PackLoader:240 - Cannot read IP mode file for STMicroelectronics.X-CUBE-TOUCHGFX.4.26.0
2026-02-22 23:17:28,633 [WARN] PackLoader:240 - Cannot read IP mode file for STMicroelectronics.FP-SNS-STAIOTCFT.1.0.0
2026-02-22 23:17:28,639 [WARN] PackLoader:240 - Cannot read IP mode file for STMicroelectronics.X-CUBE-DPower.1.3.0
2026-02-22 23:17:28,653 [WARN] ConditionMgr:438 - getConditionDescription Invalid condition id : LAN8742 Phy interface Condition cause : null
2026-02-22 23:17:28,653 [WARN] PackLoader:240 - Cannot read IP mode file for STMicroelectronics.X-CUBE-AZRTOS-L4.2.0.0
2026-02-22 23:17:28,655 [WARN] ConditionMgr:1044 - genDependencies : Invalid condition id : LAN8742 Phy interface Condition cause : null
2026-02-22 23:17:28,656 [WARN] ConditionMgr:1044 - genDependencies : Invalid condition id : LAN8742 Phy interface Condition cause : null
2026-02-22 23:17:28,656 [WARN] ConditionMgr:1044 - genDependencies : Invalid condition id : LAN8742 Phy interface Condition cause : null
2026-02-22 23:17:28,663 [WARN] PackLoader:240 - Cannot read IP mode file for STMicroelectronics.X-CUBE-SFXS2LP1.4.0.0
2026-02-22 23:17:28,667 [ERROR] Engine:466 - C:\Users\MinnuDiary\.stm32cubemx\thirdparties\pdsc\STMicroelectronics.X-CUBE-ST67W61.1.2.0.pdsc: PDSC version is not supported
2026-02-22 23:17:28,675 [WARN] PackLoader:240 - Cannot read IP mode file for STMicroelectronics.X-CUBE-BLEMGR.4.1.0
2026-02-22 23:17:28,688 [WARN] ConditionMgr:438 - getConditionDescription Invalid condition id : UX DEVICE CLASS RTOS Condition cause : null
2026-02-22 23:17:28,688 [WARN] ConditionMgr:438 - getConditionDescription Invalid condition id : UX DEVICE CLASS RTOS Condition cause : null
2026-02-22 23:17:28,690 [WARN] PackLoader:240 - Cannot read IP mode file for STMicroelectronics.X-CUBE-AZRTOS-WB.2.0.0
2026-02-22 23:17:28,690 [WARN] ConditionMgr:1044 - genDependencies : Invalid condition id : UX DEVICE CLASS RTOS Condition cause : null
2026-02-22 23:17:28,691 [WARN] ConditionMgr:1044 - genDependencies : Invalid condition id : UX DEVICE CLASS RTOS Condition cause : null
2026-02-22 23:17:28,691 [WARN] ConditionMgr:1044 - genDependencies : Invalid condition id : UX DEVICE CLASS RTOS Condition cause : null
2026-02-22 23:17:28,691 [WARN] ConditionMgr:1044 - genDependencies : Invalid condition id : UX DEVICE CLASS RTOS Condition cause : null
2026-02-22 23:17:28,691 [WARN] ConditionMgr:1044 - genDependencies : Invalid condition id : UX DEVICE CLASS RTOS Condition cause : null
2026-02-22 23:17:28,698 [WARN] ConditionMgr:438 - getConditionDescription Invalid condition id : Cortex-A Device cause : null
2026-02-22 23:17:28,739 [WARN] ConditionMgr:1044 - genDependencies : Invalid condition id : Cortex-A Device cause : null
2026-02-22 23:17:28,740 [WARN] ConditionMgr:1044 - genDependencies : Invalid condition id : Cortex-A Device cause : null
2026-02-22 23:17:28,740 [WARN] ConditionMgr:1044 - genDependencies : Invalid condition id : Cortex-A Device cause : null
2026-02-22 23:17:28,749 [WARN] PackLoader:240 - Cannot read IP mode file for STMicroelectronics.X-CUBE-STSE01.2.0.0
2026-02-22 23:17:28,760 [WARN] PackLoader:240 - Cannot read IP mode file for STMicroelectronics.X-CUBE-SUBG2.5.0.0
2026-02-22 23:17:28,778 [WARN] PackLoader:240 - Cannot read IP mode file for STMicroelectronics.X-CUBE-AZRTOS-H7RS.1.1.0
2026-02-22 23:17:28,791 [WARN] PackLoader:240 - Cannot read IP mode file for STMicroelectronics.X-CUBE-AZRTOS-G4.2.0.0
2026-02-22 23:17:28,819 [WARN] PackLoader:240 - Cannot read IP mode file for wolfSSL.I-CUBE-wolfSSH.1.4.20
2026-02-22 23:17:28,828 [WARN] PackLoader:240 - Cannot read IP mode file for STMicroelectronics.X-CUBE-NFC7.2.0.0
2026-02-22 23:17:28,834 [WARN] PackLoader:240 - Cannot read IP mode file for STMicroelectronics.X-CUBE-ALS.1.0.2
2026-02-22 23:17:28,843 [WARN] PackLoader:240 - Cannot read IP mode file for STMicroelectronics.X-CUBE-STSE01.1.0.0
2026-02-22 23:17:28,859 [WARN] PackLoader:240 - Cannot read IP mode file for STMicroelectronics.X-CUBE-TOF1.3.4.3
2026-02-22 23:17:28,868 [INFO] ThirdParty:978 - Integrity check success = true
2026-02-22 23:17:28,868 [INFO] IntegrityCheckThread:100 - exiting critical section [integrity check]
2026-02-22 23:17:28,868 [INFO] IntegrityCheckThread:103 - End integrity checks thread
2026-02-22 23:17:29,400 [INFO] WebApp:225 - Starting web application
2026-02-22 23:17:29,401 [INFO] WebApp:593 - Web application path used C:\ST\STM32CubeIDE_1.18.1\STM32CubeIDE\plugins\com.st.stm32cube.common.mx_6.14.1.202504091515\db\plugins\mcufinder\reactClient1\index.html
2026-02-22 23:17:29,509 [INFO] UserAuth:484 - Internet connection configuration mode: 1
2026-02-22 23:17:34,828 [ERROR] LogOutputStream:75 - [STDERR_REDIRECT] 
