2026-02-28 12:51:45,937 [ERROR] LogOutputStream:75 - [STDERR_REDIRECT] 
2026-02-28 13:43:18,146 [INFO] Activator:176 - 


2026-02-28 13:43:18,149 [INFO] Activator:177 - !SESSION log4j initialized
2026-02-28 13:43:26,966 [INFO] LogOutputStream:77 - [STDOUT_REDIRECT] 
2026-02-28 13:43:28,409 [ERROR] ConfigurationRetriever:142 - IOException on connection: sw-center.st.com
2026-02-28 13:43:28,410 [ERROR] ConfigurationRetriever:142 - IOException on connection: sw-center.st.com
2026-02-28 13:43:28,411 [ERROR] ConfigurationRetriever:142 - IOException on connection: sw-center.st.com
2026-02-28 13:43:29,416 [INFO] ApplicationProperties:184 - Using Application install path: C:\ST\STM32CubeIDE_1.18.1\STM32CubeIDE\plugins\com.st.stm32cube.common.mx_6.14.1.202504091515
2026-02-28 13:43:29,456 [INFO] DbMcusXml:78 - Set database path to: C:\ST\STM32CubeIDE_1.18.1\STM32CubeIDE\plugins\com.st.stm32cube.common.mx_6.14.1.202504091515\\db\/mcu/
2026-02-28 13:43:29,456 [INFO] ApiDb:274 - Set plugin database path to: C:\ST\STM32CubeIDE_1.18.1\STM32CubeIDE\plugins\com.st.stm32cube.common.mx_6.14.1.202504091515\\db\/plugins/boardmanager/
2026-02-28 13:43:29,456 [WARN] ApiDb:259 - Overriding images path with different value:  => C:\ST\STM32CubeIDE_1.18.1\STM32CubeIDE\plugins\com.st.stm32cube.common.mx_6.14.1.202504091515\\db\/plugins/mcufinder/images/
2026-02-28 13:43:29,473 [INFO] ApiDb:250 - Set database path to: C:\Users\MinnuDiary\.stmcufinder\plugins\mcufinder//mcu/
2026-02-28 13:43:29,475 [INFO] DbMcusAds:125 - Set database path to: C:\Users\MinnuDiary\.stmcufinder\plugins\mcufinder//mcu/
2026-02-28 13:43:29,478 [INFO] CrossReferenceDbSqlite:203 - Set database path to: C:\Users\MinnuDiary\.stmcufinder\plugins\mcufinder//mcu/cs/
2026-02-28 13:43:29,669 [INFO] RulesReader:64 - Compatibility file has been processed (302 Rules)
2026-02-28 13:43:29,855 [INFO] DbMcusXml:78 - Set database path to: C:\ST\STM32CubeIDE_1.18.1\STM32CubeIDE\plugins\com.st.stm32cube.common.mx_6.14.1.202504091515\\db\/mcu/
2026-02-28 13:43:29,855 [INFO] ApiDb:274 - Set plugin database path to: C:\ST\STM32CubeIDE_1.18.1\STM32CubeIDE\plugins\com.st.stm32cube.common.mx_6.14.1.202504091515\\db\/plugins/boardmanager/
2026-02-28 13:43:29,855 [INFO] ApiDb:261 - Set plugin images path to: C:\ST\STM32CubeIDE_1.18.1\STM32CubeIDE\plugins\com.st.stm32cube.common.mx_6.14.1.202504091515\\db\/plugins/mcufinder/images/
2026-02-28 13:43:29,856 [WARN] DbFile:41 - Overriding database path with different value: C:\Users\MinnuDiary\.stmcufinder\plugins\mcufinder/ => C:\Users\MinnuDiary\.stmcufinder\plugins\mcufinder
2026-02-28 13:43:29,856 [INFO] ApiDb:250 - Set database path to: C:\Users\MinnuDiary\.stmcufinder\plugins\mcufinder//mcu/
2026-02-28 13:43:29,856 [WARN] DbFile:41 - Overriding database path with different value: C:\Users\MinnuDiary\.stmcufinder\plugins\mcufinder/ => C:\Users\MinnuDiary\.stmcufinder\plugins\mcufinder
2026-02-28 13:43:29,856 [INFO] DbMcusAds:125 - Set database path to: C:\Users\MinnuDiary\.stmcufinder\plugins\mcufinder//mcu/
2026-02-28 13:43:29,856 [WARN] DbFile:41 - Overriding database path with different value: C:\Users\MinnuDiary\.stmcufinder\plugins\mcufinder/ => C:\Users\MinnuDiary\.stmcufinder\plugins\mcufinder
2026-02-28 13:43:29,856 [WARN] DbFile:41 - Overriding database path with different value: C:\Users\MinnuDiary\.stmcufinder\plugins\mcufinder/ => C:\Users\MinnuDiary\.stmcufinder\plugins\mcufinder
2026-02-28 13:43:29,857 [INFO] CrossReferenceDbSqlite:203 - Set database path to: C:\Users\MinnuDiary\.stmcufinder\plugins\mcufinder//mcu/cs/
2026-02-28 13:43:29,990 [INFO] MainPanel:272 - HeapMemory: 268435456
2026-02-28 13:43:30,195 [INFO] DbMcusXml:78 - Set database path to: C:\ST\STM32CubeIDE_1.18.1\STM32CubeIDE\plugins\com.st.stm32cube.common.mx_6.14.1.202504091515\\db\/mcu/
2026-02-28 13:43:30,195 [INFO] ApiDb:274 - Set plugin database path to: C:\ST\STM32CubeIDE_1.18.1\STM32CubeIDE\plugins\com.st.stm32cube.common.mx_6.14.1.202504091515\\db\/plugins/boardmanager/
2026-02-28 13:43:30,196 [INFO] ApiDb:261 - Set plugin images path to: C:\ST\STM32CubeIDE_1.18.1\STM32CubeIDE\plugins\com.st.stm32cube.common.mx_6.14.1.202504091515\\db\/plugins/mcufinder/images/
2026-02-28 13:43:30,197 [WARN] DbFile:41 - Overriding database path with different value: C:\Users\MinnuDiary\.stmcufinder\plugins\mcufinder/ => C:\Users\MinnuDiary\.stmcufinder\plugins\mcufinder
2026-02-28 13:43:30,197 [INFO] ApiDb:250 - Set database path to: C:\Users\MinnuDiary\.stmcufinder\plugins\mcufinder//mcu/
2026-02-28 13:43:30,197 [WARN] DbFile:41 - Overriding database path with different value: C:\Users\MinnuDiary\.stmcufinder\plugins\mcufinder/ => C:\Users\MinnuDiary\.stmcufinder\plugins\mcufinder
2026-02-28 13:43:30,198 [INFO] DbMcusAds:125 - Set database path to: C:\Users\MinnuDiary\.stmcufinder\plugins\mcufinder//mcu/
2026-02-28 13:43:30,198 [WARN] DbFile:41 - Overriding database path with different value: C:\Users\MinnuDiary\.stmcufinder\plugins\mcufinder/ => C:\Users\MinnuDiary\.stmcufinder\plugins\mcufinder
2026-02-28 13:43:30,198 [WARN] DbFile:41 - Overriding database path with different value: C:\Users\MinnuDiary\.stmcufinder\plugins\mcufinder/ => C:\Users\MinnuDiary\.stmcufinder\plugins\mcufinder
2026-02-28 13:43:30,198 [INFO] CrossReferenceDbSqlite:203 - Set database path to: C:\Users\MinnuDiary\.stmcufinder\plugins\mcufinder//mcu/cs/
2026-02-28 13:43:30,319 [INFO] ApplicationProperties:184 - Using Application install path: C:\ST\STM32CubeIDE_1.18.1\STM32CubeIDE\plugins\com.st.stm32cube.common.mx_6.14.1.202504091515
2026-02-28 13:43:30,321 [INFO] PluginManage:196 - Search for loadable plugins [exclusion list=, ]
2026-02-28 13:43:30,325 [INFO] PluginManage:310 - Check plugin analytics
2026-02-28 13:43:30,839 [INFO] AnalyticsPlugin:253 - Accepted Software Licenses: 
2026-02-28 13:43:30,839 [INFO] AnalyticsPlugin:255 - Accepted CMSIS Pack Licenses: 
2026-02-28 13:43:30,840 [INFO] AnalyticsPlugin:257 - Accepted Firmware Licenses: FW.F4.1.28.0
2026-02-28 13:43:30,851 [ERROR] ConfigurationRetriever:142 - IOException on connection: sw-center.st.com
2026-02-28 13:43:30,852 [INFO] PluginManage:359 - Loaded plugin analytics (category:tool,tabindex:-1)
2026-02-28 13:43:30,852 [ERROR] ConfigurationRetriever:142 - IOException on connection: sw-center.st.com
2026-02-28 13:43:30,853 [ERROR] ConfigurationRetriever:142 - IOException on connection: sw-center.st.com
2026-02-28 13:43:30,854 [INFO] PluginManage:310 - Check plugin cadmodel
2026-02-28 13:43:30,875 [INFO] CADModel:105 - Init CAD model plugin
2026-02-28 13:43:30,875 [INFO] PluginManage:359 - Loaded plugin cadmodel (category:power,tabindex:5)
2026-02-28 13:43:30,876 [INFO] PluginManage:310 - Check plugin clock
2026-02-28 13:43:30,906 [INFO] PluginManage:359 - Loaded plugin clock (category:base,tabindex:2)
2026-02-28 13:43:30,907 [INFO] PluginManage:310 - Check plugin ddr
2026-02-28 13:43:30,920 [INFO] PluginManage:359 - Loaded plugin ddr (category:tool,tabindex:6)
2026-02-28 13:43:30,921 [INFO] PluginManage:310 - Check plugin filemanager
2026-02-28 13:43:31,205 [INFO] PluginManage:359 - Loaded plugin filemanager (category:base,tabindex:10)
2026-02-28 13:43:31,205 [INFO] PluginManage:310 - Check plugin ipmanager
2026-02-28 13:43:31,215 [INFO] PluginManage:359 - Loaded plugin ipmanager (category:base,tabindex:5)
2026-02-28 13:43:31,216 [INFO] PluginManage:310 - Check plugin lpbam
2026-02-28 13:43:31,226 [INFO] PluginManage:359 - Loaded plugin lpbam (category:base,tabindex:0)
2026-02-28 13:43:31,226 [INFO] PluginManage:310 - Check plugin memorymap
2026-02-28 13:43:31,252 [INFO] PluginManage:359 - Loaded plugin memorymap (category:base,tabindex:4)
2026-02-28 13:43:31,253 [INFO] PluginManage:310 - Check plugin pinoutandconfiguration
2026-02-28 13:43:31,268 [INFO] PluginManage:359 - Loaded plugin pinoutandconfiguration (category:base,tabindex:1)
2026-02-28 13:43:31,268 [INFO] PluginManage:310 - Check plugin pinoutconfig
2026-02-28 13:43:31,457 [WARN] SupportedApi:132 - Cannot load RTOS API schema: s4s-elt-must-match.1: The content of 'definitions' must match (annotation?, (simpleType | complexType)?, (unique | key | keyref)*)). A problem was found starting at: attribute.
2026-02-28 13:43:31,703 [INFO] PluginManage:359 - Loaded plugin pinoutconfig (category:base,tabindex:0)
2026-02-28 13:43:31,703 [INFO] PluginManage:310 - Check plugin power
2026-02-28 13:43:31,722 [INFO] PluginManage:359 - Loaded plugin power (category:power,tabindex:4)
2026-02-28 13:43:31,722 [INFO] PluginManage:310 - Check plugin projectmanager
2026-02-28 13:43:31,747 [INFO] PluginManage:359 - Loaded plugin projectmanager (category:projectmanager,tabindex:4)
2026-02-28 13:43:31,747 [INFO] PluginManage:310 - Check plugin rif
2026-02-28 13:43:31,772 [INFO] PluginManage:359 - Loaded plugin rif (category:base,tabindex:3)
2026-02-28 13:43:31,772 [INFO] PluginManage:310 - Check plugin thirdparty
2026-02-28 13:43:32,061 [WARN] IntegrityCheckThread:84 - waiting for thirdparty lock release [integrity check]
2026-02-28 13:43:32,062 [INFO] IntegrityCheckThread:86 - entering critical section [integrity check]
2026-02-28 13:43:32,063 [INFO] ThirdPartyUpdaterWithRetryManager:70 - Updater plugin not ready yet. [1/15]
2026-02-28 13:43:32,063 [INFO] PluginManage:359 - Loaded plugin thirdparty (category:base,tabindex:-1)
2026-02-28 13:43:32,063 [INFO] PluginManage:310 - Check plugin tools
2026-02-28 13:43:32,074 [INFO] PluginManage:359 - Loaded plugin tools (category:base,tabindex:7)
2026-02-28 13:43:32,074 [INFO] PluginManage:310 - Check plugin tutovideos
2026-02-28 13:43:32,388 [INFO] PluginManage:359 - Loaded plugin tutovideos (category:base,tabindex:-1)
2026-02-28 13:43:32,388 [INFO] PluginManage:310 - Check plugin updater
2026-02-28 13:43:32,436 [INFO] PluginManage:359 - Loaded plugin updater (category:base,tabindex:12)
2026-02-28 13:43:32,436 [INFO] PluginManage:310 - Check plugin userauth
2026-02-28 13:43:32,449 [INFO] UserAuth:118 - Init User Auth plugin
2026-02-28 13:43:32,451 [INFO] PluginManage:359 - Loaded plugin userauth (category:base,tabindex:14)
2026-02-28 13:43:32,452 [INFO] PluginManage:283 - PluginManage : Loaded plugins [18]
2026-02-28 13:43:32,797 [INFO] PinOutPanel:1589 - setPackage(No Configuration,No Configuration)
2026-02-28 13:43:32,940 [INFO] CADModel:165 - CPN selected for project level
2026-02-28 13:43:32,940 [INFO] CADModel:114 - Register for checkConnection events
2026-02-28 13:43:32,979 [INFO] IPUIPlugin:80 - create IPUIPlugin
2026-02-28 13:43:32,979 [INFO] PluginManager:220 - loadIPPluginJar : add adc
2026-02-28 13:43:32,987 [INFO] IPUIPlugin:80 - create IPUIPlugin
2026-02-28 13:43:32,987 [INFO] PluginManager:220 - loadIPPluginJar : add aes
2026-02-28 13:43:32,992 [INFO] IPUIPlugin:80 - create IPUIPlugin
2026-02-28 13:43:32,993 [INFO] PluginManager:220 - loadIPPluginJar : add can
2026-02-28 13:43:32,996 [INFO] IPUIPlugin:80 - create IPUIPlugin
2026-02-28 13:43:32,996 [INFO] PluginManager:220 - loadIPPluginJar : add comp
2026-02-28 13:43:33,000 [INFO] IPUIPlugin:80 - create IPUIPlugin
2026-02-28 13:43:33,000 [INFO] PluginManager:220 - loadIPPluginJar : add cryp
2026-02-28 13:43:33,007 [INFO] IPUIPlugin:80 - create IPUIPlugin
2026-02-28 13:43:33,007 [INFO] PluginManager:220 - loadIPPluginJar : add ddr_ctrl_phy
2026-02-28 13:43:33,011 [INFO] IPUIPlugin:80 - create IPUIPlugin
2026-02-28 13:43:33,012 [INFO] PluginManager:220 - loadIPPluginJar : add dfsdm
2026-02-28 13:43:33,022 [INFO] IPUIPlugin:80 - create IPUIPlugin
2026-02-28 13:43:33,023 [INFO] PluginManager:220 - loadIPPluginJar : add dma
2026-02-28 13:43:33,027 [INFO] IPUIPlugin:80 - create IPUIPlugin
2026-02-28 13:43:33,027 [INFO] PluginManager:220 - loadIPPluginJar : add dma3
2026-02-28 13:43:33,032 [INFO] IPUIPlugin:80 - create IPUIPlugin
2026-02-28 13:43:33,032 [INFO] PluginManager:220 - loadIPPluginJar : add extmemmanager
2026-02-28 13:43:33,034 [INFO] IPUIPlugin:80 - create IPUIPlugin
2026-02-28 13:43:33,034 [INFO] PluginManager:220 - loadIPPluginJar : add fatfs
2026-02-28 13:43:33,042 [INFO] IPUIPlugin:80 - create IPUIPlugin
2026-02-28 13:43:33,042 [INFO] PluginManager:220 - loadIPPluginJar : add fmc
2026-02-28 13:43:33,055 [INFO] IPUIPlugin:80 - create IPUIPlugin
2026-02-28 13:43:33,055 [INFO] PluginManager:220 - loadIPPluginJar : add freertos
2026-02-28 13:43:33,057 [INFO] IPUIPlugin:80 - create IPUIPlugin
2026-02-28 13:43:33,057 [INFO] PluginManager:220 - loadIPPluginJar : add genericplugin
2026-02-28 13:43:33,063 [INFO] IPUIPlugin:80 - create IPUIPlugin
2026-02-28 13:43:33,063 [INFO] PluginManager:220 - loadIPPluginJar : add gfxmmu
2026-02-28 13:43:33,071 [INFO] IPUIPlugin:80 - create IPUIPlugin
2026-02-28 13:43:33,071 [INFO] PluginManager:220 - loadIPPluginJar : add gic
2026-02-28 13:43:33,079 [INFO] IPUIPlugin:80 - create IPUIPlugin
2026-02-28 13:43:33,079 [INFO] PluginManager:220 - loadIPPluginJar : add gpio
2026-02-28 13:43:33,084 [INFO] IPUIPlugin:80 - create IPUIPlugin
2026-02-28 13:43:33,084 [INFO] PluginManager:220 - loadIPPluginJar : add gtzc
2026-02-28 13:43:33,088 [INFO] IPUIPlugin:80 - create IPUIPlugin
2026-02-28 13:43:33,089 [INFO] PluginManager:220 - loadIPPluginJar : add hash
2026-02-28 13:43:33,094 [INFO] IPUIPlugin:80 - create IPUIPlugin
2026-02-28 13:43:33,094 [INFO] PluginManager:220 - loadIPPluginJar : add i2c
2026-02-28 13:43:33,099 [INFO] IPUIPlugin:80 - create IPUIPlugin
2026-02-28 13:43:33,099 [INFO] PluginManager:220 - loadIPPluginJar : add i2s
2026-02-28 13:43:33,104 [INFO] IPUIPlugin:80 - create IPUIPlugin
2026-02-28 13:43:33,104 [INFO] PluginManager:220 - loadIPPluginJar : add i3c
2026-02-28 13:43:33,111 [INFO] IPUIPlugin:80 - create IPUIPlugin
2026-02-28 13:43:33,111 [INFO] PluginManager:220 - loadIPPluginJar : add ipddr
2026-02-28 13:43:33,124 [INFO] IPUIPlugin:80 - create IPUIPlugin
2026-02-28 13:43:33,124 [INFO] PluginManager:220 - loadIPPluginJar : add linkedlist
2026-02-28 13:43:33,129 [INFO] IPUIPlugin:80 - create IPUIPlugin
2026-02-28 13:43:33,130 [INFO] PluginManager:220 - loadIPPluginJar : add lorawan
2026-02-28 13:43:33,133 [INFO] IPUIPlugin:80 - create IPUIPlugin
2026-02-28 13:43:33,134 [INFO] PluginManager:220 - loadIPPluginJar : add ltdc
2026-02-28 13:43:33,144 [INFO] IPUIPlugin:80 - create IPUIPlugin
2026-02-28 13:43:33,145 [INFO] PluginManager:220 - loadIPPluginJar : add mdma
2026-02-28 13:43:33,152 [INFO] IPUIPlugin:80 - create IPUIPlugin
2026-02-28 13:43:33,153 [INFO] PluginManager:220 - loadIPPluginJar : add nvic
2026-02-28 13:43:33,158 [INFO] IPUIPlugin:80 - create IPUIPlugin
2026-02-28 13:43:33,159 [INFO] PluginManager:220 - loadIPPluginJar : add opamp
2026-02-28 13:43:33,165 [INFO] IPUIPlugin:80 - create IPUIPlugin
2026-02-28 13:43:33,165 [INFO] PluginManager:220 - loadIPPluginJar : add openamp
2026-02-28 13:43:33,172 [INFO] IPUIPlugin:80 - create IPUIPlugin
2026-02-28 13:43:33,172 [INFO] PluginManager:220 - loadIPPluginJar : add pdm2pcm
2026-02-28 13:43:33,182 [INFO] IPUIPlugin:80 - create IPUIPlugin
2026-02-28 13:43:33,185 [INFO] PluginManager:220 - loadIPPluginJar : add plateformsettings
2026-02-28 13:43:33,188 [INFO] IPUIPlugin:80 - create IPUIPlugin
2026-02-28 13:43:33,189 [INFO] PluginManager:220 - loadIPPluginJar : add quadspi
2026-02-28 13:43:33,192 [INFO] IPUIPlugin:80 - create IPUIPlugin
2026-02-28 13:43:33,193 [INFO] PluginManager:220 - loadIPPluginJar : add radio
2026-02-28 13:43:33,201 [INFO] IPUIPlugin:80 - create IPUIPlugin
2026-02-28 13:43:33,202 [INFO] PluginManager:220 - loadIPPluginJar : add resmgrutility
2026-02-28 13:43:33,207 [INFO] IPUIPlugin:80 - create IPUIPlugin
2026-02-28 13:43:33,207 [INFO] PluginManager:220 - loadIPPluginJar : add sai
2026-02-28 13:43:33,212 [INFO] IPUIPlugin:80 - create IPUIPlugin
2026-02-28 13:43:33,212 [INFO] PluginManager:220 - loadIPPluginJar : add spi
2026-02-28 13:43:33,225 [INFO] IPUIPlugin:80 - create IPUIPlugin
2026-02-28 13:43:33,225 [INFO] PluginManager:220 - loadIPPluginJar : add stm32_wpan
2026-02-28 13:43:33,232 [INFO] IPUIPlugin:80 - create IPUIPlugin
2026-02-28 13:43:33,233 [INFO] PluginManager:220 - loadIPPluginJar : add tim
2026-02-28 13:43:33,241 [INFO] IPUIPlugin:80 - create IPUIPlugin
2026-02-28 13:43:33,241 [INFO] PluginManager:220 - loadIPPluginJar : add touchsensing
2026-02-28 13:43:33,255 [INFO] IPUIPlugin:80 - create IPUIPlugin
2026-02-28 13:43:33,255 [INFO] PluginManager:220 - loadIPPluginJar : add tracer_emb
2026-02-28 13:43:33,261 [INFO] IPUIPlugin:80 - create IPUIPlugin
2026-02-28 13:43:33,261 [INFO] PluginManager:220 - loadIPPluginJar : add ts
2026-02-28 13:43:33,266 [INFO] IPUIPlugin:80 - create IPUIPlugin
2026-02-28 13:43:33,267 [INFO] PluginManager:220 - loadIPPluginJar : add tsc
2026-02-28 13:43:33,273 [INFO] IPUIPlugin:80 - create IPUIPlugin
2026-02-28 13:43:33,274 [INFO] PluginManager:220 - loadIPPluginJar : add ucpd
2026-02-28 13:43:33,281 [INFO] IPUIPlugin:80 - create IPUIPlugin
2026-02-28 13:43:33,281 [INFO] PluginManager:220 - loadIPPluginJar : add usart
2026-02-28 13:43:33,291 [INFO] IPUIPlugin:80 - create IPUIPlugin
2026-02-28 13:43:33,291 [INFO] PluginManager:220 - loadIPPluginJar : add usbx
2026-02-28 13:43:33,481 [FATAL] Updater:351 - Updater called before beeing initialized
2026-02-28 13:43:33,527 [INFO] RulesReader:64 - Compatibility file has been processed (302 Rules)
2026-02-28 13:43:33,551 [INFO] RulesReader:64 - Compatibility file has been processed (302 Rules)
2026-02-28 13:43:33,609 [INFO] CADModel:165 - CPN selected for project level
2026-02-28 13:43:33,610 [INFO] CADModel:114 - Register for checkConnection events
2026-02-28 13:43:33,610 [FATAL] Updater:351 - Updater called before beeing initialized
2026-02-28 13:43:33,610 [ERROR] CADModel:125 - Updater not yet initialized, retry later 
2026-02-28 13:43:33,989 [FATAL] Updater:351 - Updater called before beeing initialized
2026-02-28 13:43:33,993 [INFO] CADModel:165 - CPN selected for project level
2026-02-28 13:43:33,993 [INFO] CADModel:114 - Register for checkConnection events
2026-02-28 13:43:33,993 [FATAL] Updater:351 - Updater called before beeing initialized
2026-02-28 13:43:33,993 [ERROR] CADModel:125 - Updater not yet initialized, retry later 
2026-02-28 13:43:33,999 [FATAL] Updater:351 - Updater called before beeing initialized
2026-02-28 13:43:34,211 [FATAL] Updater:351 - Updater called before beeing initialized
2026-02-28 13:43:34,219 [INFO] DbMcusAds:53 - JSON generation date=Wed Feb 18 20:02:49 IST 2026 (1771425169665)
2026-02-28 13:43:34,220 [FATAL] Updater:351 - Updater called before beeing initialized
2026-02-28 13:43:34,293 [WARN] DetailPanel:346 - Failed to get advertising image, set to default
2026-02-28 13:43:34,670 [FATAL] Updater:351 - Updater called before beeing initialized
2026-02-28 13:43:34,705 [FATAL] Updater:351 - Updater called before beeing initialized
2026-02-28 13:43:34,706 [FATAL] Updater:351 - Updater called before beeing initialized
2026-02-28 13:43:34,706 [WARN] DetailPanel:346 - Failed to get advertising image, set to default
2026-02-28 13:43:34,707 [FATAL] Updater:351 - Updater called before beeing initialized
2026-02-28 13:43:34,824 [ERROR] Updater:1198 - MainUpdater not yet initialized. External WinMGr cannot be set.
2026-02-28 13:43:34,827 [INFO] Updater:1134 - Updater Version found : 6.14.1
2026-02-28 13:43:34,862 [INFO] ApplicationProperties:184 - Using Application install path: C:\ST\STM32CubeIDE_1.18.1\STM32CubeIDE\plugins\com.st.stm32cube.common.mx_6.14.1.202504091515
2026-02-28 13:43:35,063 [INFO] ThirdPartyUpdaterWithRetryManager:70 - Updater plugin not ready yet. [2/15]
2026-02-28 13:43:36,478 [ERROR] LogOutputStream:75 - [STDERR_REDIRECT] Feb 28, 2026 1:43:36 PM java.util.prefs.WindowsPreferences <init>
2026-02-28 13:43:36,480 [ERROR] LogOutputStream:75 - [STDERR_REDIRECT] WARNING: Could not open/create prefs root node Software\JavaSoft\Prefs at root 0xffffffff80000002. Windows RegCreateKeyEx(...) returned error code 5.
2026-02-28 13:43:36,481 [ERROR] LogOutputStream:75 - [STDERR_REDIRECT] 
2026-02-28 13:43:37,076 [INFO] MainUpdater:2872 - connection check result : 22
2026-02-28 13:43:37,077 [INFO] MainUpdater:289 - Updater Check For Update Now.
2026-02-28 13:43:37,077 [INFO] MicroXplorer:498 - Change Database Version : DB.6.0.141
2026-02-28 13:43:37,091 [INFO] McuFinderGlobals:63 - Set McuFinder mode to 2 (CubeIDE integrated)
2026-02-28 13:43:37,093 [INFO] UserAuth:484 - Internet connection configuration mode: 2
2026-02-28 13:43:37,113 [INFO] UserAuth:484 - Internet connection configuration mode: 2
2026-02-28 13:43:37,315 [INFO] CheckServerUpdateThread:120 - End of CheckServer Thread
2026-02-28 13:43:38,673 [WARN] PackLoader:240 - Cannot read IP mode file for STMicroelectronics.FP-SNS-MOTENVWB1.1.4.0
2026-02-28 13:43:38,686 [WARN] PackLoader:240 - Cannot read IP mode file for STMicroelectronics.FP-ATR-ASTRA1.2.0.2
2026-02-28 13:43:38,698 [WARN] PackLoader:240 - Cannot read IP mode file for STMicroelectronics.X-CUBE-SMBUS.2.1.0
2026-02-28 13:43:38,743 [WARN] PackLoader:240 - Cannot read IP mode file for STMicroelectronics.X-CUBE-AZRTOS-F7.1.1.0
2026-02-28 13:43:38,791 [WARN] PackLoader:240 - Cannot read IP mode file for Cesanta.I-CUBE-Mongoose.7.19.0
2026-02-28 13:43:38,802 [ERROR] Engine:466 - C:\Users\MinnuDiary\.stm32cubemx\thirdparties\pdsc\STMicroelectronics.FP-SNS-MOTENV1.5.1.0.pdsc: PDSC version is not supported
2026-02-28 13:43:38,813 [ERROR] Engine:466 - C:\Users\MinnuDiary\.stm32cubemx\thirdparties\pdsc\WES.I-CUBE-Cesium.1.4.0.pdsc: PDSC version is not supported
2026-02-28 13:43:38,870 [WARN] PackLoader:240 - Cannot read IP mode file for Infineon.AIROC-Wi-Fi-Bluetooth-STM32.1.7.1
2026-02-28 13:43:38,976 [WARN] PackLoader:240 - Cannot read IP mode file for STMicroelectronics.X-CUBE-AZRTOS-H7.3.4.0
2026-02-28 13:43:39,030 [WARN] PackLoader:240 - Cannot read IP mode file for STMicroelectronics.X-CUBE-DISPLAY.3.0.0
2026-02-28 13:43:39,038 [ERROR] Engine:466 - C:\Users\MinnuDiary\.stm32cubemx\thirdparties\pdsc\STMicroelectronics.FP-SNS-MOTENVWB1.1.5.0.pdsc: PDSC version is not supported
2026-02-28 13:43:39,055 [WARN] PackLoader:240 - Cannot read IP mode file for STMicroelectronics.X-CUBE-NFC10.1.0.0
2026-02-28 13:43:39,063 [WARN] PackLoader:240 - Cannot read IP mode file for STMicroelectronics.X-CUBE-ST60.1.1.0
2026-02-28 13:43:39,072 [WARN] PackLoader:240 - Cannot read IP mode file for emotas.I-CUBE-CANOPEN.1.3.0
2026-02-28 13:43:39,079 [WARN] PackLoader:240 - Cannot read IP mode file for STMicroelectronics.X-CUBE-GNSS1.7.1.0
2026-02-28 13:43:39,084 [ERROR] Engine:466 - C:\Users\MinnuDiary\.stm32cubemx\thirdparties\pdsc\STMicroelectronics.FP-SNS-STBOX1.2.1.0.pdsc: PDSC version is not supported
2026-02-28 13:43:39,089 [WARN] PackLoader:240 - Cannot read IP mode file for STMicroelectronics.FP-SNS-SMARTAG2.1.2.0
2026-02-28 13:43:39,094 [WARN] PackLoader:240 - Cannot read IP mode file for STMicroelectronics.FP-SNS-FLIGHT1.5.1.0
2026-02-28 13:43:39,105 [INFO] LogOutputStream:77 - [STDOUT_REDIRECT] 1 : Invalid condition id : UX_CORESTACK_Condition cause : null
2026-02-28 13:43:39,107 [INFO] LogOutputStream:77 - [STDOUT_REDIRECT] 1 : Invalid condition id : UX_CORESTACK_Condition cause : null
2026-02-28 13:43:39,109 [INFO] LogOutputStream:77 - [STDOUT_REDIRECT] 1 : Invalid condition id : UX_CORESTACK_Condition cause : null
2026-02-28 13:43:39,112 [INFO] LogOutputStream:77 - [STDOUT_REDIRECT] 1 : Invalid condition id : UX_CORESTACK_Condition cause : null
2026-02-28 13:43:39,113 [INFO] LogOutputStream:77 - [STDOUT_REDIRECT] 1 : Invalid condition id : UX_CORESTACK_Condition cause : null
2026-02-28 13:43:39,116 [WARN] PackLoader:240 - Cannot read IP mode file for STMicroelectronics.X-CUBE-AZRTOS-WL.2.0.0
2026-02-28 13:43:39,132 [WARN] PackLoader:240 - Cannot read IP mode file for STMicroelectronics.X-CUBE-AZRTOS-H7RS.1.2.0
2026-02-28 13:43:39,141 [WARN] PackLoader:240 - Cannot read IP mode file for STMicroelectronics.X-CUBE-BLE2.3.3.0
2026-02-28 13:43:39,174 [WARN] PackLoader:240 - Cannot read IP mode file for STMicroelectronics.X-CUBE-NFC9.1.0.0
2026-02-28 13:43:39,181 [WARN] PackLoader:240 - Cannot read IP mode file for wolfSSL.I-CUBE-wolfSSL.5.8.2
2026-02-28 13:43:39,187 [WARN] PackLoader:240 - Cannot read IP mode file for STMicroelectronics.X-CUBE-BLE1.7.1.0
2026-02-28 13:43:39,192 [WARN] PackLoader:240 - Cannot read IP mode file for wolfSSL.I-CUBE-wolfMQTT.1.19.2
2026-02-28 13:43:39,196 [ERROR] Engine:466 - C:\Users\MinnuDiary\.stm32cubemx\thirdparties\pdsc\STMicroelectronics.X-CUBE-FREERTOS.1.4.0.pdsc: PDSC version is not supported
2026-02-28 13:43:39,203 [WARN] PackLoader:240 - Cannot read IP mode file for STMicroelectronics.X-CUBE-EEPRMA1.5.2.0
2026-02-28 13:43:39,208 [ERROR] Engine:466 - C:\Users\MinnuDiary\.stm32cubemx\thirdparties\pdsc\STMicroelectronics.X-CUBE-ST67W61.1.1.0.pdsc: PDSC version is not supported
2026-02-28 13:43:39,253 [WARN] PackLoader:240 - Cannot read IP mode file for STMicroelectronics.X-CUBE-MEMS1.12.0.0
2026-02-28 13:43:39,345 [WARN] PackLoader:240 - Cannot read IP mode file for STMicroelectronics.X-CUBE-AZRTOS-G0.1.1.0
2026-02-28 13:43:39,354 [WARN] PackLoader:240 - Cannot read IP mode file for STMicroelectronics.X-CUBE-NFC4.3.0.0
2026-02-28 13:43:39,362 [WARN] PackLoader:240 - Cannot read IP mode file for EmbeddedOffice.I-CUBE-FS-RTOS.1.0.1
2026-02-28 13:43:39,369 [WARN] PackLoader:240 - Cannot read IP mode file for STMicroelectronics.X-CUBE-WB05N.2.0.0
2026-02-28 13:43:39,374 [WARN] PackLoader:240 - Cannot read IP mode file for wolfSSL.I-CUBE-wolfTPM.3.8.0
2026-02-28 13:43:39,379 [WARN] PackLoader:240 - Cannot read IP mode file for STMicroelectronics.X-CUBE-TCPP.4.2.0
2026-02-28 13:43:39,386 [WARN] PackLoader:240 - Cannot read IP mode file for RealThread.X-CUBE-RT-Thread_Nano.4.1.1
2026-02-28 13:43:39,391 [WARN] PackLoader:240 - Cannot read IP mode file for STMicroelectronics.FP-ATR-SIGFOX1.3.2.0
2026-02-28 13:43:39,399 [WARN] PackLoader:240 - Cannot read IP mode file for ITTIA_DB.I-CUBE-ITTIADB.8.9.0
2026-02-28 13:43:39,407 [WARN] PackLoader:240 - Cannot read IP mode file for STMicroelectronics.X-CUBE-NFC6.3.2.0
2026-02-28 13:43:39,414 [WARN] PackLoader:240 - Cannot read IP mode file for STMicroelectronics.X-CUBE-AI.10.2.0
2026-02-28 13:43:39,441 [WARN] PackLoader:240 - Cannot read IP mode file for SEGGER.I-CUBE-embOS.1.3.1
2026-02-28 13:43:39,514 [WARN] PackLoader:240 - Cannot read IP mode file for STMicroelectronics.X-CUBE-ALGOBUILD.1.4.0
2026-02-28 13:43:39,547 [WARN] PackLoader:240 - Cannot read IP mode file for STMicroelectronics.X-CUBE-MEMS1.11.3.0
2026-02-28 13:43:39,728 [WARN] PackLoader:240 - Cannot read IP mode file for STMicroelectronics.X-CUBE-PM33A1.1.0.0
2026-02-28 13:43:39,793 [WARN] PackLoader:240 - Cannot read IP mode file for STMicroelectronics.X-CUBE-AZRTOS-F4.1.1.0
2026-02-28 13:43:39,837 [WARN] PackLoader:240 - Cannot read IP mode file for STMicroelectronics.X-CUBE-ISPU.2.1.0
2026-02-28 13:43:39,843 [ERROR] Engine:466 - C:\Users\MinnuDiary\.stm32cubemx\thirdparties\pdsc\STMicroelectronics.X-CUBE-IPS.3.2.0.pdsc: PDSC version is not supported
2026-02-28 13:43:39,851 [WARN] PackLoader:240 - Cannot read IP mode file for STMicroelectronics.X-CUBE-NFC12.1.0.0
2026-02-28 13:43:39,868 [WARN] PackLoader:240 - Cannot read IP mode file for STMicroelectronics.X-CUBE-AZRTOS-L5.2.0.0
2026-02-28 13:43:39,877 [WARN] PackLoader:240 - Cannot read IP mode file for STMicroelectronics.X-CUBE-NFC6.3.1.0
2026-02-28 13:43:39,885 [WARN] PackLoader:240 - Cannot read IP mode file for STMicroelectronics.X-CUBE-FREERTOS.1.3.1
2026-02-28 13:43:39,898 [WARN] PackLoader:240 - Cannot read IP mode file for STMicroelectronics.X-CUBE-TOUCHGFX.4.26.0
2026-02-28 13:43:39,903 [WARN] PackLoader:240 - Cannot read IP mode file for STMicroelectronics.FP-SNS-STAIOTCFT.1.0.0
2026-02-28 13:43:39,909 [WARN] PackLoader:240 - Cannot read IP mode file for STMicroelectronics.X-CUBE-DPower.1.3.0
2026-02-28 13:43:39,922 [WARN] ConditionMgr:438 - getConditionDescription Invalid condition id : LAN8742 Phy interface Condition cause : null
2026-02-28 13:43:39,923 [WARN] PackLoader:240 - Cannot read IP mode file for STMicroelectronics.X-CUBE-AZRTOS-L4.2.0.0
2026-02-28 13:43:39,924 [WARN] ConditionMgr:1044 - genDependencies : Invalid condition id : LAN8742 Phy interface Condition cause : null
2026-02-28 13:43:39,924 [WARN] ConditionMgr:1044 - genDependencies : Invalid condition id : LAN8742 Phy interface Condition cause : null
2026-02-28 13:43:39,925 [WARN] ConditionMgr:1044 - genDependencies : Invalid condition id : LAN8742 Phy interface Condition cause : null
2026-02-28 13:43:39,932 [WARN] PackLoader:240 - Cannot read IP mode file for STMicroelectronics.X-CUBE-SFXS2LP1.4.0.0
2026-02-28 13:43:39,937 [ERROR] Engine:466 - C:\Users\MinnuDiary\.stm32cubemx\thirdparties\pdsc\STMicroelectronics.X-CUBE-ST67W61.1.2.0.pdsc: PDSC version is not supported
2026-02-28 13:43:39,945 [WARN] PackLoader:240 - Cannot read IP mode file for STMicroelectronics.X-CUBE-BLEMGR.4.1.0
2026-02-28 13:43:39,958 [WARN] ConditionMgr:438 - getConditionDescription Invalid condition id : UX DEVICE CLASS RTOS Condition cause : null
2026-02-28 13:43:39,959 [WARN] ConditionMgr:438 - getConditionDescription Invalid condition id : UX DEVICE CLASS RTOS Condition cause : null
2026-02-28 13:43:39,965 [WARN] PackLoader:240 - Cannot read IP mode file for STMicroelectronics.X-CUBE-AZRTOS-WB.2.0.0
2026-02-28 13:43:39,965 [WARN] ConditionMgr:1044 - genDependencies : Invalid condition id : UX DEVICE CLASS RTOS Condition cause : null
2026-02-28 13:43:39,965 [WARN] ConditionMgr:1044 - genDependencies : Invalid condition id : UX DEVICE CLASS RTOS Condition cause : null
2026-02-28 13:43:39,966 [WARN] ConditionMgr:1044 - genDependencies : Invalid condition id : UX DEVICE CLASS RTOS Condition cause : null
2026-02-28 13:43:39,966 [WARN] ConditionMgr:1044 - genDependencies : Invalid condition id : UX DEVICE CLASS RTOS Condition cause : null
2026-02-28 13:43:39,966 [WARN] ConditionMgr:1044 - genDependencies : Invalid condition id : UX DEVICE CLASS RTOS Condition cause : null
2026-02-28 13:43:39,971 [WARN] ConditionMgr:438 - getConditionDescription Invalid condition id : Cortex-A Device cause : null
2026-02-28 13:43:39,980 [WARN] ConditionMgr:1044 - genDependencies : Invalid condition id : Cortex-A Device cause : null
2026-02-28 13:43:39,980 [WARN] ConditionMgr:1044 - genDependencies : Invalid condition id : Cortex-A Device cause : null
2026-02-28 13:43:39,980 [WARN] ConditionMgr:1044 - genDependencies : Invalid condition id : Cortex-A Device cause : null
2026-02-28 13:43:39,987 [WARN] PackLoader:240 - Cannot read IP mode file for STMicroelectronics.X-CUBE-STSE01.2.0.0
2026-02-28 13:43:39,997 [WARN] PackLoader:240 - Cannot read IP mode file for STMicroelectronics.X-CUBE-SUBG2.5.0.0
2026-02-28 13:43:40,015 [WARN] PackLoader:240 - Cannot read IP mode file for STMicroelectronics.X-CUBE-AZRTOS-H7RS.1.1.0
2026-02-28 13:43:40,029 [WARN] PackLoader:240 - Cannot read IP mode file for STMicroelectronics.X-CUBE-AZRTOS-G4.2.0.0
2026-02-28 13:43:40,035 [WARN] PackLoader:240 - Cannot read IP mode file for wolfSSL.I-CUBE-wolfSSH.1.4.20
2026-02-28 13:43:40,040 [WARN] PackLoader:240 - Cannot read IP mode file for STMicroelectronics.X-CUBE-NFC7.2.0.0
2026-02-28 13:43:40,046 [WARN] PackLoader:240 - Cannot read IP mode file for STMicroelectronics.X-CUBE-ALS.1.0.2
2026-02-28 13:43:40,052 [WARN] PackLoader:240 - Cannot read IP mode file for STMicroelectronics.X-CUBE-STSE01.1.0.0
2026-02-28 13:43:40,062 [WARN] PackLoader:240 - Cannot read IP mode file for STMicroelectronics.X-CUBE-TOF1.3.4.3
2026-02-28 13:43:40,072 [INFO] ThirdParty:978 - Integrity check success = true
2026-02-28 13:43:40,072 [INFO] IntegrityCheckThread:100 - exiting critical section [integrity check]
2026-02-28 13:43:40,072 [INFO] IntegrityCheckThread:103 - End integrity checks thread
